0 info it worked if it ends with ok
1 verbose cli [ 'C:\\Program Files\\\\node.exe',
1 verbose cli   'C:\\Program Files\\node_modules\\npm\\bin\\npm-cli.js',
1 verbose cli   'cache',
1 verbose cli   'clean' ]
2 info using npm@2.10.1
3 info using node@v0.12.4
4 silly ls normalized .
5 silly gentlyRm \\MACAS001\Profiles$\RedirectedFolders\ya.nassib\Application Data\npm-cache\_locks is being purged
6 verbose gentlyRm don't care about contents; nuking \\MACAS001\Profiles$\RedirectedFolders\ya.nassib\Application Data\npm-cache\_locks
7 silly gentlyRm \\MACAS001\Profiles$\RedirectedFolders\ya.nassib\Application Data\npm-cache\abbrev is being purged
8 verbose gentlyRm don't care about contents; nuking \\MACAS001\Profiles$\RedirectedFolders\ya.nassib\Application Data\npm-cache\abbrev
9 silly gentlyRm \\MACAS001\Profiles$\RedirectedFolders\ya.nassib\Application Data\npm-cache\amdefine is being purged
10 verbose gentlyRm don't care about contents; nuking \\MACAS001\Profiles$\RedirectedFolders\ya.nassib\Application Data\npm-cache\amdefine
11 silly gentlyRm \\MACAS001\Profiles$\RedirectedFolders\ya.nassib\Application Data\npm-cache\angular-bootstrap is being purged
12 verbose gentlyRm don't care about contents; nuking \\MACAS001\Profiles$\RedirectedFolders\ya.nassib\Application Data\npm-cache\angular-bootstrap
13 silly gentlyRm \\MACAS001\Profiles$\RedirectedFolders\ya.nassib\Application Data\npm-cache\angular-ui-switch is being purged
14 verbose gentlyRm don't care about contents; nuking \\MACAS001\Profiles$\RedirectedFolders\ya.nassib\Application Data\npm-cache\angular-ui-switch
15 silly gentlyRm \\MACAS001\Profiles$\RedirectedFolders\ya.nassib\Application Data\npm-cache\ansi-regex is being purged
16 verbose gentlyRm don't care about contents; nuking \\MACAS001\Profiles$\RedirectedFolders\ya.nassib\Application Data\npm-cache\ansi-regex
17 silly gentlyRm \\MACAS001\Profiles$\RedirectedFolders\ya.nassib\Application Data\npm-cache\ansi-styles is being purged
18 verbose gentlyRm don't care about contents; nuking \\MACAS001\Profiles$\RedirectedFolders\ya.nassib\Application Data\npm-cache\ansi-styles
19 silly gentlyRm \\MACAS001\Profiles$\RedirectedFolders\ya.nassib\Application Data\npm-cache\ansicolors is being purged
20 verbose gentlyRm don't care about contents; nuking \\MACAS001\Profiles$\RedirectedFolders\ya.nassib\Application Data\npm-cache\ansicolors
21 silly gentlyRm \\MACAS001\Profiles$\RedirectedFolders\ya.nassib\Application Data\npm-cache\archy is being purged
22 verbose gentlyRm don't care about contents; nuking \\MACAS001\Profiles$\RedirectedFolders\ya.nassib\Application Data\npm-cache\archy
23 silly gentlyRm \\MACAS001\Profiles$\RedirectedFolders\ya.nassib\Application Data\npm-cache\argparse is being purged
24 verbose gentlyRm don't care about contents; nuking \\MACAS001\Profiles$\RedirectedFolders\ya.nassib\Application Data\npm-cache\argparse
25 silly gentlyRm \\MACAS001\Profiles$\RedirectedFolders\ya.nassib\Application Data\npm-cache\array-filter is being purged
26 verbose gentlyRm don't care about contents; nuking \\MACAS001\Profiles$\RedirectedFolders\ya.nassib\Application Data\npm-cache\array-filter
27 silly gentlyRm \\MACAS001\Profiles$\RedirectedFolders\ya.nassib\Application Data\npm-cache\array-map is being purged
28 verbose gentlyRm don't care about contents; nuking \\MACAS001\Profiles$\RedirectedFolders\ya.nassib\Application Data\npm-cache\array-map
29 silly gentlyRm \\MACAS001\Profiles$\RedirectedFolders\ya.nassib\Application Data\npm-cache\array-reduce is being purged
30 verbose gentlyRm don't care about contents; nuking \\MACAS001\Profiles$\RedirectedFolders\ya.nassib\Application Data\npm-cache\array-reduce
31 silly gentlyRm \\MACAS001\Profiles$\RedirectedFolders\ya.nassib\Application Data\npm-cache\asn1 is being purged
32 verbose gentlyRm don't care about contents; nuking \\MACAS001\Profiles$\RedirectedFolders\ya.nassib\Application Data\npm-cache\asn1
33 silly gentlyRm \\MACAS001\Profiles$\RedirectedFolders\ya.nassib\Application Data\npm-cache\assert-plus is being purged
34 verbose gentlyRm don't care about contents; nuking \\MACAS001\Profiles$\RedirectedFolders\ya.nassib\Application Data\npm-cache\assert-plus
35 silly gentlyRm \\MACAS001\Profiles$\RedirectedFolders\ya.nassib\Application Data\npm-cache\async is being purged
36 verbose gentlyRm don't care about contents; nuking \\MACAS001\Profiles$\RedirectedFolders\ya.nassib\Application Data\npm-cache\async
37 silly gentlyRm \\MACAS001\Profiles$\RedirectedFolders\ya.nassib\Application Data\npm-cache\aws-sign2 is being purged
38 verbose gentlyRm don't care about contents; nuking \\MACAS001\Profiles$\RedirectedFolders\ya.nassib\Application Data\npm-cache\aws-sign2
39 silly gentlyRm \\MACAS001\Profiles$\RedirectedFolders\ya.nassib\Application Data\npm-cache\balanced-match is being purged
40 verbose gentlyRm don't care about contents; nuking \\MACAS001\Profiles$\RedirectedFolders\ya.nassib\Application Data\npm-cache\balanced-match
41 silly gentlyRm \\MACAS001\Profiles$\RedirectedFolders\ya.nassib\Application Data\npm-cache\binary is being purged
42 verbose gentlyRm don't care about contents; nuking \\MACAS001\Profiles$\RedirectedFolders\ya.nassib\Application Data\npm-cache\binary
43 silly gentlyRm \\MACAS001\Profiles$\RedirectedFolders\ya.nassib\Application Data\npm-cache\bl is being purged
44 verbose gentlyRm don't care about contents; nuking \\MACAS001\Profiles$\RedirectedFolders\ya.nassib\Application Data\npm-cache\bl
45 silly gentlyRm \\MACAS001\Profiles$\RedirectedFolders\ya.nassib\Application Data\npm-cache\boom is being purged
46 verbose gentlyRm don't care about contents; nuking \\MACAS001\Profiles$\RedirectedFolders\ya.nassib\Application Data\npm-cache\boom
47 silly gentlyRm \\MACAS001\Profiles$\RedirectedFolders\ya.nassib\Application Data\npm-cache\bower is being purged
48 verbose gentlyRm don't care about contents; nuking \\MACAS001\Profiles$\RedirectedFolders\ya.nassib\Application Data\npm-cache\bower
49 silly gentlyRm \\MACAS001\Profiles$\RedirectedFolders\ya.nassib\Application Data\npm-cache\bower-config is being purged
50 verbose gentlyRm don't care about contents; nuking \\MACAS001\Profiles$\RedirectedFolders\ya.nassib\Application Data\npm-cache\bower-config
51 silly gentlyRm \\MACAS001\Profiles$\RedirectedFolders\ya.nassib\Application Data\npm-cache\bower-endpoint-parser is being purged
52 verbose gentlyRm don't care about contents; nuking \\MACAS001\Profiles$\RedirectedFolders\ya.nassib\Application Data\npm-cache\bower-endpoint-parser
53 silly gentlyRm \\MACAS001\Profiles$\RedirectedFolders\ya.nassib\Application Data\npm-cache\bower-json is being purged
54 verbose gentlyRm don't care about contents; nuking \\MACAS001\Profiles$\RedirectedFolders\ya.nassib\Application Data\npm-cache\bower-json
55 silly gentlyRm \\MACAS001\Profiles$\RedirectedFolders\ya.nassib\Application Data\npm-cache\bower-logger is being purged
56 verbose gentlyRm don't care about contents; nuking \\MACAS001\Profiles$\RedirectedFolders\ya.nassib\Application Data\npm-cache\bower-logger
57 silly gentlyRm \\MACAS001\Profiles$\RedirectedFolders\ya.nassib\Application Data\npm-cache\bower-registry-client is being purged
58 verbose gentlyRm don't care about contents; nuking \\MACAS001\Profiles$\RedirectedFolders\ya.nassib\Application Data\npm-cache\bower-registry-client
59 silly gentlyRm \\MACAS001\Profiles$\RedirectedFolders\ya.nassib\Application Data\npm-cache\brace-expansion is being purged
60 verbose gentlyRm don't care about contents; nuking \\MACAS001\Profiles$\RedirectedFolders\ya.nassib\Application Data\npm-cache\brace-expansion
61 silly gentlyRm \\MACAS001\Profiles$\RedirectedFolders\ya.nassib\Application Data\npm-cache\buffers is being purged
62 verbose gentlyRm don't care about contents; nuking \\MACAS001\Profiles$\RedirectedFolders\ya.nassib\Application Data\npm-cache\buffers
63 silly gentlyRm \\MACAS001\Profiles$\RedirectedFolders\ya.nassib\Application Data\npm-cache\cardinal is being purged
64 verbose gentlyRm don't care about contents; nuking \\MACAS001\Profiles$\RedirectedFolders\ya.nassib\Application Data\npm-cache\cardinal
65 silly gentlyRm \\MACAS001\Profiles$\RedirectedFolders\ya.nassib\Application Data\npm-cache\caseless is being purged
66 verbose gentlyRm don't care about contents; nuking \\MACAS001\Profiles$\RedirectedFolders\ya.nassib\Application Data\npm-cache\caseless
67 silly gentlyRm \\MACAS001\Profiles$\RedirectedFolders\ya.nassib\Application Data\npm-cache\chainsaw is being purged
68 verbose gentlyRm don't care about contents; nuking \\MACAS001\Profiles$\RedirectedFolders\ya.nassib\Application Data\npm-cache\chainsaw
69 silly gentlyRm \\MACAS001\Profiles$\RedirectedFolders\ya.nassib\Application Data\npm-cache\chalk is being purged
70 verbose gentlyRm don't care about contents; nuking \\MACAS001\Profiles$\RedirectedFolders\ya.nassib\Application Data\npm-cache\chalk
71 silly gentlyRm \\MACAS001\Profiles$\RedirectedFolders\ya.nassib\Application Data\npm-cache\chmodr is being purged
72 verbose gentlyRm don't care about contents; nuking \\MACAS001\Profiles$\RedirectedFolders\ya.nassib\Application Data\npm-cache\chmodr
73 silly gentlyRm \\MACAS001\Profiles$\RedirectedFolders\ya.nassib\Application Data\npm-cache\cli-color is being purged
74 verbose gentlyRm don't care about contents; nuking \\MACAS001\Profiles$\RedirectedFolders\ya.nassib\Application Data\npm-cache\cli-color
75 silly gentlyRm \\MACAS001\Profiles$\RedirectedFolders\ya.nassib\Application Data\npm-cache\combined-stream is being purged
76 verbose gentlyRm don't care about contents; nuking \\MACAS001\Profiles$\RedirectedFolders\ya.nassib\Application Data\npm-cache\combined-stream
77 silly gentlyRm \\MACAS001\Profiles$\RedirectedFolders\ya.nassib\Application Data\npm-cache\concat-map is being purged
78 verbose gentlyRm don't care about contents; nuking \\MACAS001\Profiles$\RedirectedFolders\ya.nassib\Application Data\npm-cache\concat-map
79 silly gentlyRm \\MACAS001\Profiles$\RedirectedFolders\ya.nassib\Application Data\npm-cache\configstore is being purged
80 verbose gentlyRm don't care about contents; nuking \\MACAS001\Profiles$\RedirectedFolders\ya.nassib\Application Data\npm-cache\configstore
81 silly gentlyRm \\MACAS001\Profiles$\RedirectedFolders\ya.nassib\Application Data\npm-cache\core-util-is is being purged
82 verbose gentlyRm don't care about contents; nuking \\MACAS001\Profiles$\RedirectedFolders\ya.nassib\Application Data\npm-cache\core-util-is
83 silly gentlyRm \\MACAS001\Profiles$\RedirectedFolders\ya.nassib\Application Data\npm-cache\cryptiles is being purged
84 verbose gentlyRm don't care about contents; nuking \\MACAS001\Profiles$\RedirectedFolders\ya.nassib\Application Data\npm-cache\cryptiles
85 silly gentlyRm \\MACAS001\Profiles$\RedirectedFolders\ya.nassib\Application Data\npm-cache\ctype is being purged
86 verbose gentlyRm don't care about contents; nuking \\MACAS001\Profiles$\RedirectedFolders\ya.nassib\Application Data\npm-cache\ctype
87 silly gentlyRm \\MACAS001\Profiles$\RedirectedFolders\ya.nassib\Application Data\npm-cache\d is being purged
88 verbose gentlyRm don't care about contents; nuking \\MACAS001\Profiles$\RedirectedFolders\ya.nassib\Application Data\npm-cache\d
89 silly gentlyRm \\MACAS001\Profiles$\RedirectedFolders\ya.nassib\Application Data\npm-cache\decompress-zip is being purged
90 verbose gentlyRm don't care about contents; nuking \\MACAS001\Profiles$\RedirectedFolders\ya.nassib\Application Data\npm-cache\decompress-zip
91 silly gentlyRm \\MACAS001\Profiles$\RedirectedFolders\ya.nassib\Application Data\npm-cache\deep-extend is being purged
92 verbose gentlyRm don't care about contents; nuking \\MACAS001\Profiles$\RedirectedFolders\ya.nassib\Application Data\npm-cache\deep-extend
93 silly gentlyRm \\MACAS001\Profiles$\RedirectedFolders\ya.nassib\Application Data\npm-cache\delayed-stream is being purged
94 verbose gentlyRm don't care about contents; nuking \\MACAS001\Profiles$\RedirectedFolders\ya.nassib\Application Data\npm-cache\delayed-stream
95 silly gentlyRm \\MACAS001\Profiles$\RedirectedFolders\ya.nassib\Application Data\npm-cache\duplexify is being purged
96 verbose gentlyRm don't care about contents; nuking \\MACAS001\Profiles$\RedirectedFolders\ya.nassib\Application Data\npm-cache\duplexify
97 silly gentlyRm \\MACAS001\Profiles$\RedirectedFolders\ya.nassib\Application Data\npm-cache\end-of-stream is being purged
98 verbose gentlyRm don't care about contents; nuking \\MACAS001\Profiles$\RedirectedFolders\ya.nassib\Application Data\npm-cache\end-of-stream
99 silly gentlyRm \\MACAS001\Profiles$\RedirectedFolders\ya.nassib\Application Data\npm-cache\es5-ext is being purged
100 verbose gentlyRm don't care about contents; nuking \\MACAS001\Profiles$\RedirectedFolders\ya.nassib\Application Data\npm-cache\es5-ext
101 silly gentlyRm \\MACAS001\Profiles$\RedirectedFolders\ya.nassib\Application Data\npm-cache\es6-iterator is being purged
102 verbose gentlyRm don't care about contents; nuking \\MACAS001\Profiles$\RedirectedFolders\ya.nassib\Application Data\npm-cache\es6-iterator
103 silly gentlyRm \\MACAS001\Profiles$\RedirectedFolders\ya.nassib\Application Data\npm-cache\es6-symbol is being purged
104 verbose gentlyRm don't care about contents; nuking \\MACAS001\Profiles$\RedirectedFolders\ya.nassib\Application Data\npm-cache\es6-symbol
105 silly gentlyRm \\MACAS001\Profiles$\RedirectedFolders\ya.nassib\Application Data\npm-cache\es6-weak-map is being purged
106 verbose gentlyRm don't care about contents; nuking \\MACAS001\Profiles$\RedirectedFolders\ya.nassib\Application Data\npm-cache\es6-weak-map
107 silly gentlyRm \\MACAS001\Profiles$\RedirectedFolders\ya.nassib\Application Data\npm-cache\escape-string-regexp is being purged
108 verbose gentlyRm don't care about contents; nuking \\MACAS001\Profiles$\RedirectedFolders\ya.nassib\Application Data\npm-cache\escape-string-regexp
109 silly gentlyRm \\MACAS001\Profiles$\RedirectedFolders\ya.nassib\Application Data\npm-cache\esprima is being purged
110 verbose gentlyRm don't care about contents; nuking \\MACAS001\Profiles$\RedirectedFolders\ya.nassib\Application Data\npm-cache\esprima
111 silly gentlyRm \\MACAS001\Profiles$\RedirectedFolders\ya.nassib\Application Data\npm-cache\event-emitter is being purged
112 verbose gentlyRm don't care about contents; nuking \\MACAS001\Profiles$\RedirectedFolders\ya.nassib\Application Data\npm-cache\event-emitter
113 silly gentlyRm \\MACAS001\Profiles$\RedirectedFolders\ya.nassib\Application Data\npm-cache\figures is being purged
114 verbose gentlyRm don't care about contents; nuking \\MACAS001\Profiles$\RedirectedFolders\ya.nassib\Application Data\npm-cache\figures
115 silly gentlyRm \\MACAS001\Profiles$\RedirectedFolders\ya.nassib\Application Data\npm-cache\forever-agent is being purged
116 verbose gentlyRm don't care about contents; nuking \\MACAS001\Profiles$\RedirectedFolders\ya.nassib\Application Data\npm-cache\forever-agent
117 silly gentlyRm \\MACAS001\Profiles$\RedirectedFolders\ya.nassib\Application Data\npm-cache\form-data is being purged
118 verbose gentlyRm don't care about contents; nuking \\MACAS001\Profiles$\RedirectedFolders\ya.nassib\Application Data\npm-cache\form-data
119 silly gentlyRm \\MACAS001\Profiles$\RedirectedFolders\ya.nassib\Application Data\npm-cache\fstream is being purged
120 verbose gentlyRm don't care about contents; nuking \\MACAS001\Profiles$\RedirectedFolders\ya.nassib\Application Data\npm-cache\fstream
121 silly gentlyRm \\MACAS001\Profiles$\RedirectedFolders\ya.nassib\Application Data\npm-cache\fstream-ignore is being purged
122 verbose gentlyRm don't care about contents; nuking \\MACAS001\Profiles$\RedirectedFolders\ya.nassib\Application Data\npm-cache\fstream-ignore
123 silly gentlyRm \\MACAS001\Profiles$\RedirectedFolders\ya.nassib\Application Data\npm-cache\get-stdin is being purged
124 verbose gentlyRm don't care about contents; nuking \\MACAS001\Profiles$\RedirectedFolders\ya.nassib\Application Data\npm-cache\get-stdin
125 silly gentlyRm \\MACAS001\Profiles$\RedirectedFolders\ya.nassib\Application Data\npm-cache\github is being purged
126 verbose gentlyRm don't care about contents; nuking \\MACAS001\Profiles$\RedirectedFolders\ya.nassib\Application Data\npm-cache\github
127 silly gentlyRm \\MACAS001\Profiles$\RedirectedFolders\ya.nassib\Application Data\npm-cache\glob is being purged
128 verbose gentlyRm don't care about contents; nuking \\MACAS001\Profiles$\RedirectedFolders\ya.nassib\Application Data\npm-cache\glob
129 silly gentlyRm \\MACAS001\Profiles$\RedirectedFolders\ya.nassib\Application Data\npm-cache\got is being purged
130 verbose gentlyRm don't care about contents; nuking \\MACAS001\Profiles$\RedirectedFolders\ya.nassib\Application Data\npm-cache\got
131 silly gentlyRm \\MACAS001\Profiles$\RedirectedFolders\ya.nassib\Application Data\npm-cache\graceful-fs is being purged
132 verbose gentlyRm don't care about contents; nuking \\MACAS001\Profiles$\RedirectedFolders\ya.nassib\Application Data\npm-cache\graceful-fs
133 silly gentlyRm \\MACAS001\Profiles$\RedirectedFolders\ya.nassib\Application Data\npm-cache\handlebars is being purged
134 verbose gentlyRm don't care about contents; nuking \\MACAS001\Profiles$\RedirectedFolders\ya.nassib\Application Data\npm-cache\handlebars
135 silly gentlyRm \\MACAS001\Profiles$\RedirectedFolders\ya.nassib\Application Data\npm-cache\has-ansi is being purged
136 verbose gentlyRm don't care about contents; nuking \\MACAS001\Profiles$\RedirectedFolders\ya.nassib\Application Data\npm-cache\has-ansi
137 silly gentlyRm \\MACAS001\Profiles$\RedirectedFolders\ya.nassib\Application Data\npm-cache\hawk is being purged
138 verbose gentlyRm don't care about contents; nuking \\MACAS001\Profiles$\RedirectedFolders\ya.nassib\Application Data\npm-cache\hawk
139 silly gentlyRm \\MACAS001\Profiles$\RedirectedFolders\ya.nassib\Application Data\npm-cache\hoek is being purged
140 verbose gentlyRm don't care about contents; nuking \\MACAS001\Profiles$\RedirectedFolders\ya.nassib\Application Data\npm-cache\hoek
141 silly gentlyRm \\MACAS001\Profiles$\RedirectedFolders\ya.nassib\Application Data\npm-cache\http-signature is being purged
142 verbose gentlyRm don't care about contents; nuking \\MACAS001\Profiles$\RedirectedFolders\ya.nassib\Application Data\npm-cache\http-signature
143 silly gentlyRm \\MACAS001\Profiles$\RedirectedFolders\ya.nassib\Application Data\npm-cache\infinity-agent is being purged
144 verbose gentlyRm don't care about contents; nuking \\MACAS001\Profiles$\RedirectedFolders\ya.nassib\Application Data\npm-cache\infinity-agent
145 silly gentlyRm \\MACAS001\Profiles$\RedirectedFolders\ya.nassib\Application Data\npm-cache\inflight is being purged
146 verbose gentlyRm don't care about contents; nuking \\MACAS001\Profiles$\RedirectedFolders\ya.nassib\Application Data\npm-cache\inflight
147 silly gentlyRm \\MACAS001\Profiles$\RedirectedFolders\ya.nassib\Application Data\npm-cache\inherits is being purged
148 verbose gentlyRm don't care about contents; nuking \\MACAS001\Profiles$\RedirectedFolders\ya.nassib\Application Data\npm-cache\inherits
149 silly gentlyRm \\MACAS001\Profiles$\RedirectedFolders\ya.nassib\Application Data\npm-cache\ini is being purged
150 verbose gentlyRm don't care about contents; nuking \\MACAS001\Profiles$\RedirectedFolders\ya.nassib\Application Data\npm-cache\ini
151 silly gentlyRm \\MACAS001\Profiles$\RedirectedFolders\ya.nassib\Application Data\npm-cache\inquirer is being purged
152 verbose gentlyRm don't care about contents; nuking \\MACAS001\Profiles$\RedirectedFolders\ya.nassib\Application Data\npm-cache\inquirer
153 silly gentlyRm \\MACAS001\Profiles$\RedirectedFolders\ya.nassib\Application Data\npm-cache\insight is being purged
154 verbose gentlyRm don't care about contents; nuking \\MACAS001\Profiles$\RedirectedFolders\ya.nassib\Application Data\npm-cache\insight
155 silly gentlyRm \\MACAS001\Profiles$\RedirectedFolders\ya.nassib\Application Data\npm-cache\intersect is being purged
156 verbose gentlyRm don't care about contents; nuking \\MACAS001\Profiles$\RedirectedFolders\ya.nassib\Application Data\npm-cache\intersect
157 silly gentlyRm \\MACAS001\Profiles$\RedirectedFolders\ya.nassib\Application Data\npm-cache\is-absolute is being purged
158 verbose gentlyRm don't care about contents; nuking \\MACAS001\Profiles$\RedirectedFolders\ya.nassib\Application Data\npm-cache\is-absolute
159 silly gentlyRm \\MACAS001\Profiles$\RedirectedFolders\ya.nassib\Application Data\npm-cache\is-npm is being purged
160 verbose gentlyRm don't care about contents; nuking \\MACAS001\Profiles$\RedirectedFolders\ya.nassib\Application Data\npm-cache\is-npm
161 silly gentlyRm \\MACAS001\Profiles$\RedirectedFolders\ya.nassib\Application Data\npm-cache\is-relative is being purged
162 verbose gentlyRm don't care about contents; nuking \\MACAS001\Profiles$\RedirectedFolders\ya.nassib\Application Data\npm-cache\is-relative
163 silly gentlyRm \\MACAS001\Profiles$\RedirectedFolders\ya.nassib\Application Data\npm-cache\is-root is being purged
164 verbose gentlyRm don't care about contents; nuking \\MACAS001\Profiles$\RedirectedFolders\ya.nassib\Application Data\npm-cache\is-root
165 silly gentlyRm \\MACAS001\Profiles$\RedirectedFolders\ya.nassib\Application Data\npm-cache\is-stream is being purged
166 verbose gentlyRm don't care about contents; nuking \\MACAS001\Profiles$\RedirectedFolders\ya.nassib\Application Data\npm-cache\is-stream
167 silly gentlyRm \\MACAS001\Profiles$\RedirectedFolders\ya.nassib\Application Data\npm-cache\isarray is being purged
168 verbose gentlyRm don't care about contents; nuking \\MACAS001\Profiles$\RedirectedFolders\ya.nassib\Application Data\npm-cache\isarray
169 silly gentlyRm \\MACAS001\Profiles$\RedirectedFolders\ya.nassib\Application Data\npm-cache\isstream is being purged
170 verbose gentlyRm don't care about contents; nuking \\MACAS001\Profiles$\RedirectedFolders\ya.nassib\Application Data\npm-cache\isstream
171 silly gentlyRm \\MACAS001\Profiles$\RedirectedFolders\ya.nassib\Application Data\npm-cache\js-yaml is being purged
172 verbose gentlyRm don't care about contents; nuking \\MACAS001\Profiles$\RedirectedFolders\ya.nassib\Application Data\npm-cache\js-yaml
173 silly gentlyRm \\MACAS001\Profiles$\RedirectedFolders\ya.nassib\Application Data\npm-cache\json-stringify-safe is being purged
174 verbose gentlyRm don't care about contents; nuking \\MACAS001\Profiles$\RedirectedFolders\ya.nassib\Application Data\npm-cache\json-stringify-safe
175 silly gentlyRm \\MACAS001\Profiles$\RedirectedFolders\ya.nassib\Application Data\npm-cache\jsonify is being purged
176 verbose gentlyRm don't care about contents; nuking \\MACAS001\Profiles$\RedirectedFolders\ya.nassib\Application Data\npm-cache\jsonify
177 silly gentlyRm \\MACAS001\Profiles$\RedirectedFolders\ya.nassib\Application Data\npm-cache\junk is being purged
178 verbose gentlyRm don't care about contents; nuking \\MACAS001\Profiles$\RedirectedFolders\ya.nassib\Application Data\npm-cache\junk
179 silly gentlyRm \\MACAS001\Profiles$\RedirectedFolders\ya.nassib\Application Data\npm-cache\latest-version is being purged
180 verbose gentlyRm don't care about contents; nuking \\MACAS001\Profiles$\RedirectedFolders\ya.nassib\Application Data\npm-cache\latest-version
181 silly gentlyRm \\MACAS001\Profiles$\RedirectedFolders\ya.nassib\Application Data\npm-cache\lockfile is being purged
182 verbose gentlyRm don't care about contents; nuking \\MACAS001\Profiles$\RedirectedFolders\ya.nassib\Application Data\npm-cache\lockfile
183 silly gentlyRm \\MACAS001\Profiles$\RedirectedFolders\ya.nassib\Application Data\npm-cache\lodash is being purged
184 verbose gentlyRm don't care about contents; nuking \\MACAS001\Profiles$\RedirectedFolders\ya.nassib\Application Data\npm-cache\lodash
185 silly gentlyRm \\MACAS001\Profiles$\RedirectedFolders\ya.nassib\Application Data\npm-cache\lodash._getnative is being purged
186 verbose gentlyRm don't care about contents; nuking \\MACAS001\Profiles$\RedirectedFolders\ya.nassib\Application Data\npm-cache\lodash._getnative
187 silly gentlyRm \\MACAS001\Profiles$\RedirectedFolders\ya.nassib\Application Data\npm-cache\lodash.debounce is being purged
188 verbose gentlyRm don't care about contents; nuking \\MACAS001\Profiles$\RedirectedFolders\ya.nassib\Application Data\npm-cache\lodash.debounce
189 silly gentlyRm \\MACAS001\Profiles$\RedirectedFolders\ya.nassib\Application Data\npm-cache\lowercase-keys is being purged
190 verbose gentlyRm don't care about contents; nuking \\MACAS001\Profiles$\RedirectedFolders\ya.nassib\Application Data\npm-cache\lowercase-keys
191 silly gentlyRm \\MACAS001\Profiles$\RedirectedFolders\ya.nassib\Application Data\npm-cache\lru-cache is being purged
192 verbose gentlyRm don't care about contents; nuking \\MACAS001\Profiles$\RedirectedFolders\ya.nassib\Application Data\npm-cache\lru-cache
193 silly gentlyRm \\MACAS001\Profiles$\RedirectedFolders\ya.nassib\Application Data\npm-cache\lru-queue is being purged
194 verbose gentlyRm don't care about contents; nuking \\MACAS001\Profiles$\RedirectedFolders\ya.nassib\Application Data\npm-cache\lru-queue
195 silly gentlyRm \\MACAS001\Profiles$\RedirectedFolders\ya.nassib\Application Data\npm-cache\memoizee is being purged
196 verbose gentlyRm don't care about contents; nuking \\MACAS001\Profiles$\RedirectedFolders\ya.nassib\Application Data\npm-cache\memoizee
197 silly gentlyRm \\MACAS001\Profiles$\RedirectedFolders\ya.nassib\Application Data\npm-cache\mime is being purged
198 verbose gentlyRm don't care about contents; nuking \\MACAS001\Profiles$\RedirectedFolders\ya.nassib\Application Data\npm-cache\mime
199 silly gentlyRm \\MACAS001\Profiles$\RedirectedFolders\ya.nassib\Application Data\npm-cache\mime-db is being purged
200 verbose gentlyRm don't care about contents; nuking \\MACAS001\Profiles$\RedirectedFolders\ya.nassib\Application Data\npm-cache\mime-db
201 silly gentlyRm \\MACAS001\Profiles$\RedirectedFolders\ya.nassib\Application Data\npm-cache\mime-types is being purged
202 verbose gentlyRm don't care about contents; nuking \\MACAS001\Profiles$\RedirectedFolders\ya.nassib\Application Data\npm-cache\mime-types
203 silly gentlyRm \\MACAS001\Profiles$\RedirectedFolders\ya.nassib\Application Data\npm-cache\minimatch is being purged
204 verbose gentlyRm don't care about contents; nuking \\MACAS001\Profiles$\RedirectedFolders\ya.nassib\Application Data\npm-cache\minimatch
205 silly gentlyRm \\MACAS001\Profiles$\RedirectedFolders\ya.nassib\Application Data\npm-cache\minimist is being purged
206 verbose gentlyRm don't care about contents; nuking \\MACAS001\Profiles$\RedirectedFolders\ya.nassib\Application Data\npm-cache\minimist
207 silly gentlyRm \\MACAS001\Profiles$\RedirectedFolders\ya.nassib\Application Data\npm-cache\mkdirp is being purged
208 verbose gentlyRm don't care about contents; nuking \\MACAS001\Profiles$\RedirectedFolders\ya.nassib\Application Data\npm-cache\mkdirp
209 silly gentlyRm \\MACAS001\Profiles$\RedirectedFolders\ya.nassib\Application Data\npm-cache\mkpath is being purged
210 verbose gentlyRm don't care about contents; nuking \\MACAS001\Profiles$\RedirectedFolders\ya.nassib\Application Data\npm-cache\mkpath
211 silly gentlyRm \\MACAS001\Profiles$\RedirectedFolders\ya.nassib\Application Data\npm-cache\mout is being purged
212 verbose gentlyRm don't care about contents; nuking \\MACAS001\Profiles$\RedirectedFolders\ya.nassib\Application Data\npm-cache\mout
213 silly gentlyRm \\MACAS001\Profiles$\RedirectedFolders\ya.nassib\Application Data\npm-cache\mute-stream is being purged
214 verbose gentlyRm don't care about contents; nuking \\MACAS001\Profiles$\RedirectedFolders\ya.nassib\Application Data\npm-cache\mute-stream
215 silly gentlyRm \\MACAS001\Profiles$\RedirectedFolders\ya.nassib\Application Data\npm-cache\nested-error-stacks is being purged
216 verbose gentlyRm don't care about contents; nuking \\MACAS001\Profiles$\RedirectedFolders\ya.nassib\Application Data\npm-cache\nested-error-stacks
217 silly gentlyRm \\MACAS001\Profiles$\RedirectedFolders\ya.nassib\Application Data\npm-cache\next-tick is being purged
218 verbose gentlyRm don't care about contents; nuking \\MACAS001\Profiles$\RedirectedFolders\ya.nassib\Application Data\npm-cache\next-tick
219 silly gentlyRm \\MACAS001\Profiles$\RedirectedFolders\ya.nassib\Application Data\npm-cache\node-uuid is being purged
220 verbose gentlyRm don't care about contents; nuking \\MACAS001\Profiles$\RedirectedFolders\ya.nassib\Application Data\npm-cache\node-uuid
221 silly gentlyRm \\MACAS001\Profiles$\RedirectedFolders\ya.nassib\Application Data\npm-cache\nopt is being purged
222 verbose gentlyRm don't care about contents; nuking \\MACAS001\Profiles$\RedirectedFolders\ya.nassib\Application Data\npm-cache\nopt
223 silly gentlyRm \\MACAS001\Profiles$\RedirectedFolders\ya.nassib\Application Data\npm-cache\oauth-sign is being purged
224 verbose gentlyRm don't care about contents; nuking \\MACAS001\Profiles$\RedirectedFolders\ya.nassib\Application Data\npm-cache\oauth-sign
225 silly gentlyRm \\MACAS001\Profiles$\RedirectedFolders\ya.nassib\Application Data\npm-cache\object-assign is being purged
226 verbose gentlyRm don't care about contents; nuking \\MACAS001\Profiles$\RedirectedFolders\ya.nassib\Application Data\npm-cache\object-assign
227 silly gentlyRm \\MACAS001\Profiles$\RedirectedFolders\ya.nassib\Application Data\npm-cache\once is being purged
228 verbose gentlyRm don't care about contents; nuking \\MACAS001\Profiles$\RedirectedFolders\ya.nassib\Application Data\npm-cache\once
229 silly gentlyRm \\MACAS001\Profiles$\RedirectedFolders\ya.nassib\Application Data\npm-cache\opn is being purged
230 verbose gentlyRm don't care about contents; nuking \\MACAS001\Profiles$\RedirectedFolders\ya.nassib\Application Data\npm-cache\opn
231 silly gentlyRm \\MACAS001\Profiles$\RedirectedFolders\ya.nassib\Application Data\npm-cache\optimist is being purged
232 verbose gentlyRm don't care about contents; nuking \\MACAS001\Profiles$\RedirectedFolders\ya.nassib\Application Data\npm-cache\optimist
233 silly gentlyRm \\MACAS001\Profiles$\RedirectedFolders\ya.nassib\Application Data\npm-cache\os-name is being purged
234 verbose gentlyRm don't care about contents; nuking \\MACAS001\Profiles$\RedirectedFolders\ya.nassib\Application Data\npm-cache\os-name
235 silly gentlyRm \\MACAS001\Profiles$\RedirectedFolders\ya.nassib\Application Data\npm-cache\os-tmpdir is being purged
236 verbose gentlyRm don't care about contents; nuking \\MACAS001\Profiles$\RedirectedFolders\ya.nassib\Application Data\npm-cache\os-tmpdir
237 silly gentlyRm \\MACAS001\Profiles$\RedirectedFolders\ya.nassib\Application Data\npm-cache\osenv is being purged
238 verbose gentlyRm don't care about contents; nuking \\MACAS001\Profiles$\RedirectedFolders\ya.nassib\Application Data\npm-cache\osenv
239 silly gentlyRm \\MACAS001\Profiles$\RedirectedFolders\ya.nassib\Application Data\npm-cache\osx-release is being purged
240 verbose gentlyRm don't care about contents; nuking \\MACAS001\Profiles$\RedirectedFolders\ya.nassib\Application Data\npm-cache\osx-release
241 silly gentlyRm \\MACAS001\Profiles$\RedirectedFolders\ya.nassib\Application Data\npm-cache\p-throttler is being purged
242 verbose gentlyRm don't care about contents; nuking \\MACAS001\Profiles$\RedirectedFolders\ya.nassib\Application Data\npm-cache\p-throttler
243 silly gentlyRm \\MACAS001\Profiles$\RedirectedFolders\ya.nassib\Application Data\npm-cache\package-json is being purged
244 verbose gentlyRm don't care about contents; nuking \\MACAS001\Profiles$\RedirectedFolders\ya.nassib\Application Data\npm-cache\package-json
245 silly gentlyRm \\MACAS001\Profiles$\RedirectedFolders\ya.nassib\Application Data\npm-cache\prepend-http is being purged
246 verbose gentlyRm don't care about contents; nuking \\MACAS001\Profiles$\RedirectedFolders\ya.nassib\Application Data\npm-cache\prepend-http
247 silly gentlyRm \\MACAS001\Profiles$\RedirectedFolders\ya.nassib\Application Data\npm-cache\process-nextick-args is being purged
248 verbose gentlyRm don't care about contents; nuking \\MACAS001\Profiles$\RedirectedFolders\ya.nassib\Application Data\npm-cache\process-nextick-args
249 silly gentlyRm \\MACAS001\Profiles$\RedirectedFolders\ya.nassib\Application Data\npm-cache\promptly is being purged
250 verbose gentlyRm don't care about contents; nuking \\MACAS001\Profiles$\RedirectedFolders\ya.nassib\Application Data\npm-cache\promptly
251 silly gentlyRm \\MACAS001\Profiles$\RedirectedFolders\ya.nassib\Application Data\npm-cache\pump is being purged
252 verbose gentlyRm don't care about contents; nuking \\MACAS001\Profiles$\RedirectedFolders\ya.nassib\Application Data\npm-cache\pump
253 silly gentlyRm \\MACAS001\Profiles$\RedirectedFolders\ya.nassib\Application Data\npm-cache\punycode is being purged
254 verbose gentlyRm don't care about contents; nuking \\MACAS001\Profiles$\RedirectedFolders\ya.nassib\Application Data\npm-cache\punycode
255 silly gentlyRm \\MACAS001\Profiles$\RedirectedFolders\ya.nassib\Application Data\npm-cache\q is being purged
256 verbose gentlyRm don't care about contents; nuking \\MACAS001\Profiles$\RedirectedFolders\ya.nassib\Application Data\npm-cache\q
257 silly gentlyRm \\MACAS001\Profiles$\RedirectedFolders\ya.nassib\Application Data\npm-cache\qs is being purged
258 verbose gentlyRm don't care about contents; nuking \\MACAS001\Profiles$\RedirectedFolders\ya.nassib\Application Data\npm-cache\qs
259 silly gentlyRm \\MACAS001\Profiles$\RedirectedFolders\ya.nassib\Application Data\npm-cache\rc is being purged
260 verbose gentlyRm don't care about contents; nuking \\MACAS001\Profiles$\RedirectedFolders\ya.nassib\Application Data\npm-cache\rc
261 silly gentlyRm \\MACAS001\Profiles$\RedirectedFolders\ya.nassib\Application Data\npm-cache\read is being purged
262 verbose gentlyRm don't care about contents; nuking \\MACAS001\Profiles$\RedirectedFolders\ya.nassib\Application Data\npm-cache\read
263 silly gentlyRm \\MACAS001\Profiles$\RedirectedFolders\ya.nassib\Application Data\npm-cache\read-all-stream is being purged
264 verbose gentlyRm don't care about contents; nuking \\MACAS001\Profiles$\RedirectedFolders\ya.nassib\Application Data\npm-cache\read-all-stream
265 silly gentlyRm \\MACAS001\Profiles$\RedirectedFolders\ya.nassib\Application Data\npm-cache\readable-stream is being purged
266 verbose gentlyRm don't care about contents; nuking \\MACAS001\Profiles$\RedirectedFolders\ya.nassib\Application Data\npm-cache\readable-stream
267 silly gentlyRm \\MACAS001\Profiles$\RedirectedFolders\ya.nassib\Application Data\npm-cache\readline2 is being purged
268 verbose gentlyRm don't care about contents; nuking \\MACAS001\Profiles$\RedirectedFolders\ya.nassib\Application Data\npm-cache\readline2
269 silly gentlyRm \\MACAS001\Profiles$\RedirectedFolders\ya.nassib\Application Data\npm-cache\redeyed is being purged
270 verbose gentlyRm don't care about contents; nuking \\MACAS001\Profiles$\RedirectedFolders\ya.nassib\Application Data\npm-cache\redeyed
271 silly gentlyRm \\MACAS001\Profiles$\RedirectedFolders\ya.nassib\Application Data\npm-cache\registry-url is being purged
272 verbose gentlyRm don't care about contents; nuking \\MACAS001\Profiles$\RedirectedFolders\ya.nassib\Application Data\npm-cache\registry-url
273 silly gentlyRm \\MACAS001\Profiles$\RedirectedFolders\ya.nassib\Application Data\npm-cache\registry.npmjs.org is being purged
274 verbose gentlyRm don't care about contents; nuking \\MACAS001\Profiles$\RedirectedFolders\ya.nassib\Application Data\npm-cache\registry.npmjs.org
275 silly gentlyRm \\MACAS001\Profiles$\RedirectedFolders\ya.nassib\Application Data\npm-cache\request is being purged
276 verbose gentlyRm don't care about contents; nuking \\MACAS001\Profiles$\RedirectedFolders\ya.nassib\Application Data\npm-cache\request
277 silly gentlyRm \\MACAS001\Profiles$\RedirectedFolders\ya.nassib\Application Data\npm-cache\request-progress is being purged
278 verbose gentlyRm don't care about contents; nuking \\MACAS001\Profiles$\RedirectedFolders\ya.nassib\Application Data\npm-cache\request-progress
279 silly gentlyRm \\MACAS001\Profiles$\RedirectedFolders\ya.nassib\Application Data\npm-cache\request-replay is being purged
280 verbose gentlyRm don't care about contents; nuking \\MACAS001\Profiles$\RedirectedFolders\ya.nassib\Application Data\npm-cache\request-replay
281 silly gentlyRm \\MACAS001\Profiles$\RedirectedFolders\ya.nassib\Application Data\npm-cache\retry is being purged
282 verbose gentlyRm don't care about contents; nuking \\MACAS001\Profiles$\RedirectedFolders\ya.nassib\Application Data\npm-cache\retry
283 silly gentlyRm \\MACAS001\Profiles$\RedirectedFolders\ya.nassib\Application Data\npm-cache\rimraf is being purged
284 verbose gentlyRm don't care about contents; nuking \\MACAS001\Profiles$\RedirectedFolders\ya.nassib\Application Data\npm-cache\rimraf
285 silly gentlyRm \\MACAS001\Profiles$\RedirectedFolders\ya.nassib\Application Data\npm-cache\rx is being purged
286 verbose gentlyRm don't care about contents; nuking \\MACAS001\Profiles$\RedirectedFolders\ya.nassib\Application Data\npm-cache\rx
287 silly gentlyRm \\MACAS001\Profiles$\RedirectedFolders\ya.nassib\Application Data\npm-cache\semver is being purged
288 verbose gentlyRm don't care about contents; nuking \\MACAS001\Profiles$\RedirectedFolders\ya.nassib\Application Data\npm-cache\semver
289 silly gentlyRm \\MACAS001\Profiles$\RedirectedFolders\ya.nassib\Application Data\npm-cache\semver-diff is being purged
290 verbose gentlyRm don't care about contents; nuking \\MACAS001\Profiles$\RedirectedFolders\ya.nassib\Application Data\npm-cache\semver-diff
291 silly gentlyRm \\MACAS001\Profiles$\RedirectedFolders\ya.nassib\Application Data\npm-cache\shell-quote is being purged
292 verbose gentlyRm don't care about contents; nuking \\MACAS001\Profiles$\RedirectedFolders\ya.nassib\Application Data\npm-cache\shell-quote
293 silly gentlyRm \\MACAS001\Profiles$\RedirectedFolders\ya.nassib\Application Data\npm-cache\sntp is being purged
294 verbose gentlyRm don't care about contents; nuking \\MACAS001\Profiles$\RedirectedFolders\ya.nassib\Application Data\npm-cache\sntp
295 silly gentlyRm \\MACAS001\Profiles$\RedirectedFolders\ya.nassib\Application Data\npm-cache\source-map is being purged
296 verbose gentlyRm don't care about contents; nuking \\MACAS001\Profiles$\RedirectedFolders\ya.nassib\Application Data\npm-cache\source-map
297 silly gentlyRm \\MACAS001\Profiles$\RedirectedFolders\ya.nassib\Application Data\npm-cache\sprintf-js is being purged
298 verbose gentlyRm don't care about contents; nuking \\MACAS001\Profiles$\RedirectedFolders\ya.nassib\Application Data\npm-cache\sprintf-js
299 silly gentlyRm \\MACAS001\Profiles$\RedirectedFolders\ya.nassib\Application Data\npm-cache\statuses is being purged
300 verbose gentlyRm don't care about contents; nuking \\MACAS001\Profiles$\RedirectedFolders\ya.nassib\Application Data\npm-cache\statuses
301 silly gentlyRm \\MACAS001\Profiles$\RedirectedFolders\ya.nassib\Application Data\npm-cache\string-length is being purged
302 verbose gentlyRm don't care about contents; nuking \\MACAS001\Profiles$\RedirectedFolders\ya.nassib\Application Data\npm-cache\string-length
303 silly gentlyRm \\MACAS001\Profiles$\RedirectedFolders\ya.nassib\Application Data\npm-cache\string_decoder is being purged
304 verbose gentlyRm don't care about contents; nuking \\MACAS001\Profiles$\RedirectedFolders\ya.nassib\Application Data\npm-cache\string_decoder
305 silly gentlyRm \\MACAS001\Profiles$\RedirectedFolders\ya.nassib\Application Data\npm-cache\stringify-object is being purged
306 verbose gentlyRm don't care about contents; nuking \\MACAS001\Profiles$\RedirectedFolders\ya.nassib\Application Data\npm-cache\stringify-object
307 silly gentlyRm \\MACAS001\Profiles$\RedirectedFolders\ya.nassib\Application Data\npm-cache\stringstream is being purged
308 verbose gentlyRm don't care about contents; nuking \\MACAS001\Profiles$\RedirectedFolders\ya.nassib\Application Data\npm-cache\stringstream
309 silly gentlyRm \\MACAS001\Profiles$\RedirectedFolders\ya.nassib\Application Data\npm-cache\strip-ansi is being purged
310 verbose gentlyRm don't care about contents; nuking \\MACAS001\Profiles$\RedirectedFolders\ya.nassib\Application Data\npm-cache\strip-ansi
311 silly gentlyRm \\MACAS001\Profiles$\RedirectedFolders\ya.nassib\Application Data\npm-cache\strip-json-comments is being purged
312 verbose gentlyRm don't care about contents; nuking \\MACAS001\Profiles$\RedirectedFolders\ya.nassib\Application Data\npm-cache\strip-json-comments
313 silly gentlyRm \\MACAS001\Profiles$\RedirectedFolders\ya.nassib\Application Data\npm-cache\supports-color is being purged
314 verbose gentlyRm don't care about contents; nuking \\MACAS001\Profiles$\RedirectedFolders\ya.nassib\Application Data\npm-cache\supports-color
315 silly gentlyRm \\MACAS001\Profiles$\RedirectedFolders\ya.nassib\Application Data\npm-cache\tar-fs is being purged
316 verbose gentlyRm don't care about contents; nuking \\MACAS001\Profiles$\RedirectedFolders\ya.nassib\Application Data\npm-cache\tar-fs
317 silly gentlyRm \\MACAS001\Profiles$\RedirectedFolders\ya.nassib\Application Data\npm-cache\tar-stream is being purged
318 verbose gentlyRm don't care about contents; nuking \\MACAS001\Profiles$\RedirectedFolders\ya.nassib\Application Data\npm-cache\tar-stream
319 silly gentlyRm \\MACAS001\Profiles$\RedirectedFolders\ya.nassib\Application Data\npm-cache\throttleit is being purged
320 verbose gentlyRm don't care about contents; nuking \\MACAS001\Profiles$\RedirectedFolders\ya.nassib\Application Data\npm-cache\throttleit
321 silly gentlyRm \\MACAS001\Profiles$\RedirectedFolders\ya.nassib\Application Data\npm-cache\through is being purged
322 verbose gentlyRm don't care about contents; nuking \\MACAS001\Profiles$\RedirectedFolders\ya.nassib\Application Data\npm-cache\through
323 silly gentlyRm \\MACAS001\Profiles$\RedirectedFolders\ya.nassib\Application Data\npm-cache\timed-out is being purged
324 verbose gentlyRm don't care about contents; nuking \\MACAS001\Profiles$\RedirectedFolders\ya.nassib\Application Data\npm-cache\timed-out
325 silly gentlyRm \\MACAS001\Profiles$\RedirectedFolders\ya.nassib\Application Data\npm-cache\timers-ext is being purged
326 verbose gentlyRm don't care about contents; nuking \\MACAS001\Profiles$\RedirectedFolders\ya.nassib\Application Data\npm-cache\timers-ext
327 silly gentlyRm \\MACAS001\Profiles$\RedirectedFolders\ya.nassib\Application Data\npm-cache\tmp is being purged
328 verbose gentlyRm don't care about contents; nuking \\MACAS001\Profiles$\RedirectedFolders\ya.nassib\Application Data\npm-cache\tmp
329 silly gentlyRm \\MACAS001\Profiles$\RedirectedFolders\ya.nassib\Application Data\npm-cache\touch is being purged
330 verbose gentlyRm don't care about contents; nuking \\MACAS001\Profiles$\RedirectedFolders\ya.nassib\Application Data\npm-cache\touch
331 silly gentlyRm \\MACAS001\Profiles$\RedirectedFolders\ya.nassib\Application Data\npm-cache\tough-cookie is being purged
332 verbose gentlyRm don't care about contents; nuking \\MACAS001\Profiles$\RedirectedFolders\ya.nassib\Application Data\npm-cache\tough-cookie
333 silly gentlyRm \\MACAS001\Profiles$\RedirectedFolders\ya.nassib\Application Data\npm-cache\traverse is being purged
334 verbose gentlyRm don't care about contents; nuking \\MACAS001\Profiles$\RedirectedFolders\ya.nassib\Application Data\npm-cache\traverse
335 silly gentlyRm \\MACAS001\Profiles$\RedirectedFolders\ya.nassib\Application Data\npm-cache\tunnel-agent is being purged
336 verbose gentlyRm don't care about contents; nuking \\MACAS001\Profiles$\RedirectedFolders\ya.nassib\Application Data\npm-cache\tunnel-agent
337 silly gentlyRm \\MACAS001\Profiles$\RedirectedFolders\ya.nassib\Application Data\npm-cache\uglify-js is being purged
338 verbose gentlyRm don't care about contents; nuking \\MACAS001\Profiles$\RedirectedFolders\ya.nassib\Application Data\npm-cache\uglify-js
339 silly gentlyRm \\MACAS001\Profiles$\RedirectedFolders\ya.nassib\Application Data\npm-cache\update-notifier is being purged
340 verbose gentlyRm don't care about contents; nuking \\MACAS001\Profiles$\RedirectedFolders\ya.nassib\Application Data\npm-cache\update-notifier
341 silly gentlyRm \\MACAS001\Profiles$\RedirectedFolders\ya.nassib\Application Data\npm-cache\url-join is being purged
342 verbose gentlyRm don't care about contents; nuking \\MACAS001\Profiles$\RedirectedFolders\ya.nassib\Application Data\npm-cache\url-join
343 silly gentlyRm \\MACAS001\Profiles$\RedirectedFolders\ya.nassib\Application Data\npm-cache\user-home is being purged
344 verbose gentlyRm don't care about contents; nuking \\MACAS001\Profiles$\RedirectedFolders\ya.nassib\Application Data\npm-cache\user-home
345 silly gentlyRm \\MACAS001\Profiles$\RedirectedFolders\ya.nassib\Application Data\npm-cache\util-deprecate is being purged
346 verbose gentlyRm don't care about contents; nuking \\MACAS001\Profiles$\RedirectedFolders\ya.nassib\Application Data\npm-cache\util-deprecate
347 silly gentlyRm \\MACAS001\Profiles$\RedirectedFolders\ya.nassib\Application Data\npm-cache\uuid is being purged
348 verbose gentlyRm don't care about contents; nuking \\MACAS001\Profiles$\RedirectedFolders\ya.nassib\Application Data\npm-cache\uuid
349 silly gentlyRm \\MACAS001\Profiles$\RedirectedFolders\ya.nassib\Application Data\npm-cache\which is being purged
350 verbose gentlyRm don't care about contents; nuking \\MACAS001\Profiles$\RedirectedFolders\ya.nassib\Application Data\npm-cache\which
351 silly gentlyRm \\MACAS001\Profiles$\RedirectedFolders\ya.nassib\Application Data\npm-cache\win-release is being purged
352 verbose gentlyRm don't care about contents; nuking \\MACAS001\Profiles$\RedirectedFolders\ya.nassib\Application Data\npm-cache\win-release
353 silly gentlyRm \\MACAS001\Profiles$\RedirectedFolders\ya.nassib\Application Data\npm-cache\wordwrap is being purged
354 verbose gentlyRm don't care about contents; nuking \\MACAS001\Profiles$\RedirectedFolders\ya.nassib\Application Data\npm-cache\wordwrap
355 silly gentlyRm \\MACAS001\Profiles$\RedirectedFolders\ya.nassib\Application Data\npm-cache\wrappy is being purged
356 verbose gentlyRm don't care about contents; nuking \\MACAS001\Profiles$\RedirectedFolders\ya.nassib\Application Data\npm-cache\wrappy
357 silly gentlyRm \\MACAS001\Profiles$\RedirectedFolders\ya.nassib\Application Data\npm-cache\xdg-basedir is being purged
358 verbose gentlyRm don't care about contents; nuking \\MACAS001\Profiles$\RedirectedFolders\ya.nassib\Application Data\npm-cache\xdg-basedir
359 silly gentlyRm \\MACAS001\Profiles$\RedirectedFolders\ya.nassib\Application Data\npm-cache\xtend is being purged
360 verbose gentlyRm don't care about contents; nuking \\MACAS001\Profiles$\RedirectedFolders\ya.nassib\Application Data\npm-cache\xtend
361 silly vacuum-fs purging \\MACAS001\Profiles$\RedirectedFolders\ya.nassib\Application Data\npm-cache\amdefine
362 silly vacuum-fs purging \\MACAS001\Profiles$\RedirectedFolders\ya.nassib\Application Data\npm-cache\abbrev
363 silly vacuum-fs purging \\MACAS001\Profiles$\RedirectedFolders\ya.nassib\Application Data\npm-cache\angular-bootstrap
364 silly vacuum-fs purging \\MACAS001\Profiles$\RedirectedFolders\ya.nassib\Application Data\npm-cache\_locks
365 silly vacuum-fs purging \\MACAS001\Profiles$\RedirectedFolders\ya.nassib\Application Data\npm-cache\angular-ui-switch
366 silly vacuum-fs purging \\MACAS001\Profiles$\RedirectedFolders\ya.nassib\Application Data\npm-cache\ansi-styles
367 silly vacuum-fs purging \\MACAS001\Profiles$\RedirectedFolders\ya.nassib\Application Data\npm-cache\ansicolors
368 silly vacuum-fs purging \\MACAS001\Profiles$\RedirectedFolders\ya.nassib\Application Data\npm-cache\ansi-regex
369 silly vacuum-fs purging \\MACAS001\Profiles$\RedirectedFolders\ya.nassib\Application Data\npm-cache\archy
370 silly vacuum-fs purging \\MACAS001\Profiles$\RedirectedFolders\ya.nassib\Application Data\npm-cache\argparse
371 silly vacuum-fs purging \\MACAS001\Profiles$\RedirectedFolders\ya.nassib\Application Data\npm-cache\array-filter
372 silly vacuum-fs purging \\MACAS001\Profiles$\RedirectedFolders\ya.nassib\Application Data\npm-cache\array-map
373 silly vacuum-fs purging \\MACAS001\Profiles$\RedirectedFolders\ya.nassib\Application Data\npm-cache\array-reduce
374 silly vacuum-fs purging \\MACAS001\Profiles$\RedirectedFolders\ya.nassib\Application Data\npm-cache\asn1
375 silly vacuum-fs purging \\MACAS001\Profiles$\RedirectedFolders\ya.nassib\Application Data\npm-cache\async
376 silly vacuum-fs purging \\MACAS001\Profiles$\RedirectedFolders\ya.nassib\Application Data\npm-cache\assert-plus
377 silly vacuum-fs purging \\MACAS001\Profiles$\RedirectedFolders\ya.nassib\Application Data\npm-cache\aws-sign2
378 silly vacuum-fs purging \\MACAS001\Profiles$\RedirectedFolders\ya.nassib\Application Data\npm-cache\balanced-match
379 silly vacuum-fs purging \\MACAS001\Profiles$\RedirectedFolders\ya.nassib\Application Data\npm-cache\bl
380 silly vacuum-fs purging \\MACAS001\Profiles$\RedirectedFolders\ya.nassib\Application Data\npm-cache\binary
381 silly vacuum-fs purging \\MACAS001\Profiles$\RedirectedFolders\ya.nassib\Application Data\npm-cache\boom
382 silly vacuum-fs purging \\MACAS001\Profiles$\RedirectedFolders\ya.nassib\Application Data\npm-cache\bower
383 silly vacuum-fs purging \\MACAS001\Profiles$\RedirectedFolders\ya.nassib\Application Data\npm-cache\bower-config
384 silly vacuum-fs purging \\MACAS001\Profiles$\RedirectedFolders\ya.nassib\Application Data\npm-cache\bower-endpoint-parser
385 silly vacuum-fs purging \\MACAS001\Profiles$\RedirectedFolders\ya.nassib\Application Data\npm-cache\bower-json
386 silly vacuum-fs purging \\MACAS001\Profiles$\RedirectedFolders\ya.nassib\Application Data\npm-cache\bower-logger
387 silly vacuum-fs purging \\MACAS001\Profiles$\RedirectedFolders\ya.nassib\Application Data\npm-cache\brace-expansion
388 silly vacuum-fs purging \\MACAS001\Profiles$\RedirectedFolders\ya.nassib\Application Data\npm-cache\bower-registry-client
389 silly vacuum-fs purging \\MACAS001\Profiles$\RedirectedFolders\ya.nassib\Application Data\npm-cache\buffers
390 silly vacuum-fs purging \\MACAS001\Profiles$\RedirectedFolders\ya.nassib\Application Data\npm-cache\cardinal
391 silly vacuum-fs purging \\MACAS001\Profiles$\RedirectedFolders\ya.nassib\Application Data\npm-cache\chainsaw
392 silly vacuum-fs purging \\MACAS001\Profiles$\RedirectedFolders\ya.nassib\Application Data\npm-cache\caseless
393 silly vacuum-fs purging \\MACAS001\Profiles$\RedirectedFolders\ya.nassib\Application Data\npm-cache\chalk
394 silly vacuum-fs purging \\MACAS001\Profiles$\RedirectedFolders\ya.nassib\Application Data\npm-cache\chmodr
395 silly vacuum-fs purging \\MACAS001\Profiles$\RedirectedFolders\ya.nassib\Application Data\npm-cache\combined-stream
396 silly vacuum-fs purging \\MACAS001\Profiles$\RedirectedFolders\ya.nassib\Application Data\npm-cache\cli-color
397 silly vacuum-fs purging \\MACAS001\Profiles$\RedirectedFolders\ya.nassib\Application Data\npm-cache\concat-map
398 silly vacuum-fs purging \\MACAS001\Profiles$\RedirectedFolders\ya.nassib\Application Data\npm-cache\configstore
399 silly vacuum-fs purging \\MACAS001\Profiles$\RedirectedFolders\ya.nassib\Application Data\npm-cache\core-util-is
400 silly vacuum-fs purging \\MACAS001\Profiles$\RedirectedFolders\ya.nassib\Application Data\npm-cache\cryptiles
401 silly vacuum-fs purging \\MACAS001\Profiles$\RedirectedFolders\ya.nassib\Application Data\npm-cache\ctype
402 silly vacuum-fs purging \\MACAS001\Profiles$\RedirectedFolders\ya.nassib\Application Data\npm-cache\d
403 silly vacuum-fs purging \\MACAS001\Profiles$\RedirectedFolders\ya.nassib\Application Data\npm-cache\decompress-zip
404 silly vacuum-fs purging \\MACAS001\Profiles$\RedirectedFolders\ya.nassib\Application Data\npm-cache\deep-extend
405 silly vacuum-fs purging \\MACAS001\Profiles$\RedirectedFolders\ya.nassib\Application Data\npm-cache\delayed-stream
406 silly vacuum-fs purging \\MACAS001\Profiles$\RedirectedFolders\ya.nassib\Application Data\npm-cache\duplexify
407 silly vacuum-fs purging \\MACAS001\Profiles$\RedirectedFolders\ya.nassib\Application Data\npm-cache\end-of-stream
408 silly vacuum-fs purging \\MACAS001\Profiles$\RedirectedFolders\ya.nassib\Application Data\npm-cache\es5-ext
409 silly vacuum-fs purging \\MACAS001\Profiles$\RedirectedFolders\ya.nassib\Application Data\npm-cache\es6-iterator
410 silly vacuum-fs purging \\MACAS001\Profiles$\RedirectedFolders\ya.nassib\Application Data\npm-cache\es6-symbol
411 silly vacuum-fs purging \\MACAS001\Profiles$\RedirectedFolders\ya.nassib\Application Data\npm-cache\es6-weak-map
412 silly vacuum-fs purging \\MACAS001\Profiles$\RedirectedFolders\ya.nassib\Application Data\npm-cache\escape-string-regexp
413 silly vacuum-fs purging \\MACAS001\Profiles$\RedirectedFolders\ya.nassib\Application Data\npm-cache\esprima
414 silly vacuum-fs purging \\MACAS001\Profiles$\RedirectedFolders\ya.nassib\Application Data\npm-cache\event-emitter
415 silly vacuum-fs purging \\MACAS001\Profiles$\RedirectedFolders\ya.nassib\Application Data\npm-cache\forever-agent
416 silly vacuum-fs purging \\MACAS001\Profiles$\RedirectedFolders\ya.nassib\Application Data\npm-cache\figures
417 silly vacuum-fs purging \\MACAS001\Profiles$\RedirectedFolders\ya.nassib\Application Data\npm-cache\form-data
418 silly vacuum-fs purging \\MACAS001\Profiles$\RedirectedFolders\ya.nassib\Application Data\npm-cache\fstream
419 silly vacuum-fs purging \\MACAS001\Profiles$\RedirectedFolders\ya.nassib\Application Data\npm-cache\fstream-ignore
420 silly vacuum-fs purging \\MACAS001\Profiles$\RedirectedFolders\ya.nassib\Application Data\npm-cache\github
421 silly vacuum-fs purging \\MACAS001\Profiles$\RedirectedFolders\ya.nassib\Application Data\npm-cache\get-stdin
422 silly vacuum-fs purging \\MACAS001\Profiles$\RedirectedFolders\ya.nassib\Application Data\npm-cache\glob
423 silly vacuum-fs purging \\MACAS001\Profiles$\RedirectedFolders\ya.nassib\Application Data\npm-cache\handlebars
424 silly vacuum-fs purging \\MACAS001\Profiles$\RedirectedFolders\ya.nassib\Application Data\npm-cache\got
425 silly vacuum-fs purging \\MACAS001\Profiles$\RedirectedFolders\ya.nassib\Application Data\npm-cache\graceful-fs
426 silly vacuum-fs purging \\MACAS001\Profiles$\RedirectedFolders\ya.nassib\Application Data\npm-cache\has-ansi
427 silly vacuum-fs purging \\MACAS001\Profiles$\RedirectedFolders\ya.nassib\Application Data\npm-cache\hoek
428 silly vacuum-fs purging \\MACAS001\Profiles$\RedirectedFolders\ya.nassib\Application Data\npm-cache\infinity-agent
429 silly vacuum-fs purging \\MACAS001\Profiles$\RedirectedFolders\ya.nassib\Application Data\npm-cache\http-signature
430 silly vacuum-fs purging \\MACAS001\Profiles$\RedirectedFolders\ya.nassib\Application Data\npm-cache\hawk
431 silly vacuum-fs purging \\MACAS001\Profiles$\RedirectedFolders\ya.nassib\Application Data\npm-cache\inflight
432 silly vacuum-fs purging \\MACAS001\Profiles$\RedirectedFolders\ya.nassib\Application Data\npm-cache\inherits
433 silly vacuum-fs purging \\MACAS001\Profiles$\RedirectedFolders\ya.nassib\Application Data\npm-cache\inquirer
434 silly vacuum-fs purging \\MACAS001\Profiles$\RedirectedFolders\ya.nassib\Application Data\npm-cache\ini
435 silly vacuum-fs purging \\MACAS001\Profiles$\RedirectedFolders\ya.nassib\Application Data\npm-cache\insight
436 silly vacuum-fs purging \\MACAS001\Profiles$\RedirectedFolders\ya.nassib\Application Data\npm-cache\is-npm
437 silly vacuum-fs purging \\MACAS001\Profiles$\RedirectedFolders\ya.nassib\Application Data\npm-cache\is-absolute
438 silly vacuum-fs purging \\MACAS001\Profiles$\RedirectedFolders\ya.nassib\Application Data\npm-cache\intersect
439 silly vacuum-fs purging \\MACAS001\Profiles$\RedirectedFolders\ya.nassib\Application Data\npm-cache\is-relative
440 silly vacuum-fs purging \\MACAS001\Profiles$\RedirectedFolders\ya.nassib\Application Data\npm-cache\is-root
441 silly vacuum-fs purging \\MACAS001\Profiles$\RedirectedFolders\ya.nassib\Application Data\npm-cache\isarray
442 silly vacuum-fs purging \\MACAS001\Profiles$\RedirectedFolders\ya.nassib\Application Data\npm-cache\is-stream
443 silly vacuum-fs purging \\MACAS001\Profiles$\RedirectedFolders\ya.nassib\Application Data\npm-cache\isstream
444 silly vacuum-fs purging \\MACAS001\Profiles$\RedirectedFolders\ya.nassib\Application Data\npm-cache\js-yaml
445 silly vacuum-fs purging \\MACAS001\Profiles$\RedirectedFolders\ya.nassib\Application Data\npm-cache\json-stringify-safe
446 silly vacuum-fs purging \\MACAS001\Profiles$\RedirectedFolders\ya.nassib\Application Data\npm-cache\jsonify
447 silly vacuum-fs purging \\MACAS001\Profiles$\RedirectedFolders\ya.nassib\Application Data\npm-cache\junk
448 silly vacuum-fs purging \\MACAS001\Profiles$\RedirectedFolders\ya.nassib\Application Data\npm-cache\latest-version
449 silly vacuum-fs purging \\MACAS001\Profiles$\RedirectedFolders\ya.nassib\Application Data\npm-cache\lockfile
450 silly vacuum-fs purging \\MACAS001\Profiles$\RedirectedFolders\ya.nassib\Application Data\npm-cache\lodash
451 silly vacuum-fs purging \\MACAS001\Profiles$\RedirectedFolders\ya.nassib\Application Data\npm-cache\lodash.debounce
452 silly vacuum-fs purging \\MACAS001\Profiles$\RedirectedFolders\ya.nassib\Application Data\npm-cache\lodash._getnative
453 silly vacuum-fs purging \\MACAS001\Profiles$\RedirectedFolders\ya.nassib\Application Data\npm-cache\lowercase-keys
454 silly vacuum-fs purging \\MACAS001\Profiles$\RedirectedFolders\ya.nassib\Application Data\npm-cache\lru-cache
455 silly vacuum-fs purging \\MACAS001\Profiles$\RedirectedFolders\ya.nassib\Application Data\npm-cache\memoizee
456 silly vacuum-fs purging \\MACAS001\Profiles$\RedirectedFolders\ya.nassib\Application Data\npm-cache\lru-queue
457 silly vacuum-fs purging \\MACAS001\Profiles$\RedirectedFolders\ya.nassib\Application Data\npm-cache\mime
458 silly vacuum-fs purging \\MACAS001\Profiles$\RedirectedFolders\ya.nassib\Application Data\npm-cache\mime-db
459 silly vacuum-fs purging \\MACAS001\Profiles$\RedirectedFolders\ya.nassib\Application Data\npm-cache\mime-types
460 silly vacuum-fs purging \\MACAS001\Profiles$\RedirectedFolders\ya.nassib\Application Data\npm-cache\minimatch
461 silly vacuum-fs purging \\MACAS001\Profiles$\RedirectedFolders\ya.nassib\Application Data\npm-cache\minimist
462 silly vacuum-fs purging \\MACAS001\Profiles$\RedirectedFolders\ya.nassib\Application Data\npm-cache\mkdirp
463 silly vacuum-fs purging \\MACAS001\Profiles$\RedirectedFolders\ya.nassib\Application Data\npm-cache\mout
464 silly vacuum-fs purging \\MACAS001\Profiles$\RedirectedFolders\ya.nassib\Application Data\npm-cache\mute-stream
465 silly vacuum-fs purging \\MACAS001\Profiles$\RedirectedFolders\ya.nassib\Application Data\npm-cache\mkpath
466 silly vacuum-fs purging \\MACAS001\Profiles$\RedirectedFolders\ya.nassib\Application Data\npm-cache\nested-error-stacks
467 silly vacuum-fs purging \\MACAS001\Profiles$\RedirectedFolders\ya.nassib\Application Data\npm-cache\next-tick
468 silly vacuum-fs purging \\MACAS001\Profiles$\RedirectedFolders\ya.nassib\Application Data\npm-cache\node-uuid
469 silly vacuum-fs purging \\MACAS001\Profiles$\RedirectedFolders\ya.nassib\Application Data\npm-cache\nopt
470 silly vacuum-fs purging \\MACAS001\Profiles$\RedirectedFolders\ya.nassib\Application Data\npm-cache\oauth-sign
471 silly vacuum-fs purging \\MACAS001\Profiles$\RedirectedFolders\ya.nassib\Application Data\npm-cache\object-assign
472 silly vacuum-fs purging \\MACAS001\Profiles$\RedirectedFolders\ya.nassib\Application Data\npm-cache\once
473 silly vacuum-fs purging \\MACAS001\Profiles$\RedirectedFolders\ya.nassib\Application Data\npm-cache\opn
474 silly vacuum-fs purging \\MACAS001\Profiles$\RedirectedFolders\ya.nassib\Application Data\npm-cache\optimist
475 silly vacuum-fs purging \\MACAS001\Profiles$\RedirectedFolders\ya.nassib\Application Data\npm-cache\os-name
476 silly vacuum-fs purging \\MACAS001\Profiles$\RedirectedFolders\ya.nassib\Application Data\npm-cache\os-tmpdir
477 silly vacuum-fs purging \\MACAS001\Profiles$\RedirectedFolders\ya.nassib\Application Data\npm-cache\osenv
478 silly vacuum-fs purging \\MACAS001\Profiles$\RedirectedFolders\ya.nassib\Application Data\npm-cache\osx-release
479 silly vacuum-fs purging \\MACAS001\Profiles$\RedirectedFolders\ya.nassib\Application Data\npm-cache\p-throttler
480 silly vacuum-fs purging \\MACAS001\Profiles$\RedirectedFolders\ya.nassib\Application Data\npm-cache\package-json
481 silly vacuum-fs purging \\MACAS001\Profiles$\RedirectedFolders\ya.nassib\Application Data\npm-cache\prepend-http
482 silly vacuum-fs purging \\MACAS001\Profiles$\RedirectedFolders\ya.nassib\Application Data\npm-cache\process-nextick-args
483 silly vacuum-fs purging \\MACAS001\Profiles$\RedirectedFolders\ya.nassib\Application Data\npm-cache\promptly
484 silly vacuum-fs purging \\MACAS001\Profiles$\RedirectedFolders\ya.nassib\Application Data\npm-cache\pump
485 silly vacuum-fs purging \\MACAS001\Profiles$\RedirectedFolders\ya.nassib\Application Data\npm-cache\punycode
486 silly vacuum-fs purging \\MACAS001\Profiles$\RedirectedFolders\ya.nassib\Application Data\npm-cache\q
487 silly vacuum-fs purging \\MACAS001\Profiles$\RedirectedFolders\ya.nassib\Application Data\npm-cache\qs
488 silly vacuum-fs purging \\MACAS001\Profiles$\RedirectedFolders\ya.nassib\Application Data\npm-cache\rc
489 silly vacuum-fs purging \\MACAS001\Profiles$\RedirectedFolders\ya.nassib\Application Data\npm-cache\read-all-stream
490 silly vacuum-fs purging \\MACAS001\Profiles$\RedirectedFolders\ya.nassib\Application Data\npm-cache\read
491 silly vacuum-fs purging \\MACAS001\Profiles$\RedirectedFolders\ya.nassib\Application Data\npm-cache\readable-stream
492 silly vacuum-fs purging \\MACAS001\Profiles$\RedirectedFolders\ya.nassib\Application Data\npm-cache\readline2
493 silly vacuum-fs purging \\MACAS001\Profiles$\RedirectedFolders\ya.nassib\Application Data\npm-cache\redeyed
494 silly vacuum-fs purging \\MACAS001\Profiles$\RedirectedFolders\ya.nassib\Application Data\npm-cache\registry-url
495 silly vacuum-fs purging \\MACAS001\Profiles$\RedirectedFolders\ya.nassib\Application Data\npm-cache\registry.npmjs.org
496 silly vacuum-fs purging \\MACAS001\Profiles$\RedirectedFolders\ya.nassib\Application Data\npm-cache\request
497 silly vacuum-fs purging \\MACAS001\Profiles$\RedirectedFolders\ya.nassib\Application Data\npm-cache\request-progress
498 silly vacuum-fs purging \\MACAS001\Profiles$\RedirectedFolders\ya.nassib\Application Data\npm-cache\request-replay
499 silly vacuum-fs purging \\MACAS001\Profiles$\RedirectedFolders\ya.nassib\Application Data\npm-cache\retry
500 silly vacuum-fs purging \\MACAS001\Profiles$\RedirectedFolders\ya.nassib\Application Data\npm-cache\rimraf
501 silly vacuum-fs purging \\MACAS001\Profiles$\RedirectedFolders\ya.nassib\Application Data\npm-cache\rx
502 silly vacuum-fs purging \\MACAS001\Profiles$\RedirectedFolders\ya.nassib\Application Data\npm-cache\semver
503 silly vacuum-fs purging \\MACAS001\Profiles$\RedirectedFolders\ya.nassib\Application Data\npm-cache\semver-diff
504 silly vacuum-fs purging \\MACAS001\Profiles$\RedirectedFolders\ya.nassib\Application Data\npm-cache\shell-quote
505 silly vacuum-fs purging \\MACAS001\Profiles$\RedirectedFolders\ya.nassib\Application Data\npm-cache\sntp
506 silly vacuum-fs purging \\MACAS001\Profiles$\RedirectedFolders\ya.nassib\Application Data\npm-cache\source-map
507 silly vacuum-fs purging \\MACAS001\Profiles$\RedirectedFolders\ya.nassib\Application Data\npm-cache\sprintf-js
508 silly vacuum-fs purging \\MACAS001\Profiles$\RedirectedFolders\ya.nassib\Application Data\npm-cache\statuses
509 silly vacuum-fs purging \\MACAS001\Profiles$\RedirectedFolders\ya.nassib\Application Data\npm-cache\string-length
510 silly vacuum-fs purging \\MACAS001\Profiles$\RedirectedFolders\ya.nassib\Application Data\npm-cache\string_decoder
511 silly vacuum-fs purging \\MACAS001\Profiles$\RedirectedFolders\ya.nassib\Application Data\npm-cache\stringify-object
512 silly vacuum-fs purging \\MACAS001\Profiles$\RedirectedFolders\ya.nassib\Application Data\npm-cache\stringstream
513 silly vacuum-fs purging \\MACAS001\Profiles$\RedirectedFolders\ya.nassib\Application Data\npm-cache\supports-color
514 silly vacuum-fs purging \\MACAS001\Profiles$\RedirectedFolders\ya.nassib\Application Data\npm-cache\strip-ansi
515 silly vacuum-fs purging \\MACAS001\Profiles$\RedirectedFolders\ya.nassib\Application Data\npm-cache\strip-json-comments
516 silly vacuum-fs purging \\MACAS001\Profiles$\RedirectedFolders\ya.nassib\Application Data\npm-cache\tar-fs
517 silly vacuum-fs purging \\MACAS001\Profiles$\RedirectedFolders\ya.nassib\Application Data\npm-cache\tar-stream
518 silly vacuum-fs purging \\MACAS001\Profiles$\RedirectedFolders\ya.nassib\Application Data\npm-cache\throttleit
519 silly vacuum-fs purging \\MACAS001\Profiles$\RedirectedFolders\ya.nassib\Application Data\npm-cache\through
520 silly vacuum-fs purging \\MACAS001\Profiles$\RedirectedFolders\ya.nassib\Application Data\npm-cache\timed-out
521 silly vacuum-fs purging \\MACAS001\Profiles$\RedirectedFolders\ya.nassib\Application Data\npm-cache\timers-ext
522 silly vacuum-fs purging \\MACAS001\Profiles$\RedirectedFolders\ya.nassib\Application Data\npm-cache\touch
523 silly vacuum-fs purging \\MACAS001\Profiles$\RedirectedFolders\ya.nassib\Application Data\npm-cache\tmp
524 silly vacuum-fs purging \\MACAS001\Profiles$\RedirectedFolders\ya.nassib\Application Data\npm-cache\tough-cookie
525 silly vacuum-fs purging \\MACAS001\Profiles$\RedirectedFolders\ya.nassib\Application Data\npm-cache\traverse
526 silly vacuum-fs Error: UNKNOWN, lstat '\\MACAS001\Profiles$\RedirectedFolders\ya.nassib\Application Data\npm-cache\url-join'
526 silly vacuum-fs     at Error (native)
527 silly vacuum-fs purging \\MACAS001\Profiles$\RedirectedFolders\ya.nassib\Application Data\npm-cache\uglify-js
528 silly vacuum-fs purging \\MACAS001\Profiles$\RedirectedFolders\ya.nassib\Application Data\npm-cache\tunnel-agent
529 silly vacuum-fs purging \\MACAS001\Profiles$\RedirectedFolders\ya.nassib\Application Data\npm-cache\update-notifier
530 silly vacuum-fs purging \\MACAS001\Profiles$\RedirectedFolders\ya.nassib\Application Data\npm-cache\user-home
531 silly vacuum-fs purging \\MACAS001\Profiles$\RedirectedFolders\ya.nassib\Application Data\npm-cache\uuid
532 silly vacuum-fs purging \\MACAS001\Profiles$\RedirectedFolders\ya.nassib\Application Data\npm-cache\util-deprecate
533 silly vacuum-fs purging \\MACAS001\Profiles$\RedirectedFolders\ya.nassib\Application Data\npm-cache\which
534 silly vacuum-fs purging \\MACAS001\Profiles$\RedirectedFolders\ya.nassib\Application Data\npm-cache\win-release
535 silly vacuum-fs purging \\MACAS001\Profiles$\RedirectedFolders\ya.nassib\Application Data\npm-cache\wordwrap
536 silly vacuum-fs purging \\MACAS001\Profiles$\RedirectedFolders\ya.nassib\Application Data\npm-cache\wrappy
537 silly vacuum-fs purging \\MACAS001\Profiles$\RedirectedFolders\ya.nassib\Application Data\npm-cache\xdg-basedir
538 silly vacuum-fs purging \\MACAS001\Profiles$\RedirectedFolders\ya.nassib\Application Data\npm-cache\xtend
539 silly vacuum-fs quitting because other entries in \\MACAS001\Profiles$\RedirectedFolders\ya.nassib\Application Data\npm-cache
540 silly vacuum-fs quitting because other entries in \\MACAS001\Profiles$\RedirectedFolders\ya.nassib\Application Data\npm-cache
541 silly vacuum-fs quitting because other entries in \\MACAS001\Profiles$\RedirectedFolders\ya.nassib\Application Data\npm-cache
542 silly vacuum-fs quitting because other entries in \\MACAS001\Profiles$\RedirectedFolders\ya.nassib\Application Data\npm-cache
543 silly vacuum-fs quitting because other entries in \\MACAS001\Profiles$\RedirectedFolders\ya.nassib\Application Data\npm-cache
544 silly vacuum-fs quitting because other entries in \\MACAS001\Profiles$\RedirectedFolders\ya.nassib\Application Data\npm-cache
545 silly vacuum-fs quitting because other entries in \\MACAS001\Profiles$\RedirectedFolders\ya.nassib\Application Data\npm-cache
546 silly vacuum-fs quitting because other entries in \\MACAS001\Profiles$\RedirectedFolders\ya.nassib\Application Data\npm-cache
547 silly vacuum-fs quitting because other entries in \\MACAS001\Profiles$\RedirectedFolders\ya.nassib\Application Data\npm-cache
548 silly vacuum-fs quitting because other entries in \\MACAS001\Profiles$\RedirectedFolders\ya.nassib\Application Data\npm-cache
549 silly vacuum-fs quitting because other entries in \\MACAS001\Profiles$\RedirectedFolders\ya.nassib\Application Data\npm-cache
550 silly vacuum-fs quitting because other entries in \\MACAS001\Profiles$\RedirectedFolders\ya.nassib\Application Data\npm-cache
551 silly vacuum-fs quitting because other entries in \\MACAS001\Profiles$\RedirectedFolders\ya.nassib\Application Data\npm-cache
552 silly vacuum-fs quitting because other entries in \\MACAS001\Profiles$\RedirectedFolders\ya.nassib\Application Data\npm-cache
553 silly vacuum-fs quitting because other entries in \\MACAS001\Profiles$\RedirectedFolders\ya.nassib\Application Data\npm-cache
554 silly vacuum-fs quitting because other entries in \\MACAS001\Profiles$\RedirectedFolders\ya.nassib\Application Data\npm-cache
555 silly vacuum-fs quitting because other entries in \\MACAS001\Profiles$\RedirectedFolders\ya.nassib\Application Data\npm-cache
556 silly vacuum-fs quitting because other entries in \\MACAS001\Profiles$\RedirectedFolders\ya.nassib\Application Data\npm-cache
557 silly vacuum-fs quitting because other entries in \\MACAS001\Profiles$\RedirectedFolders\ya.nassib\Application Data\npm-cache
558 silly vacuum-fs quitting because other entries in \\MACAS001\Profiles$\RedirectedFolders\ya.nassib\Application Data\npm-cache
559 silly vacuum-fs quitting because other entries in \\MACAS001\Profiles$\RedirectedFolders\ya.nassib\Application Data\npm-cache
560 silly vacuum-fs quitting because other entries in \\MACAS001\Profiles$\RedirectedFolders\ya.nassib\Application Data\npm-cache
561 silly vacuum-fs quitting because other entries in \\MACAS001\Profiles$\RedirectedFolders\ya.nassib\Application Data\npm-cache
562 silly vacuum-fs quitting because other entries in \\MACAS001\Profiles$\RedirectedFolders\ya.nassib\Application Data\npm-cache
563 silly vacuum-fs quitting because other entries in \\MACAS001\Profiles$\RedirectedFolders\ya.nassib\Application Data\npm-cache
564 silly vacuum-fs quitting because other entries in \\MACAS001\Profiles$\RedirectedFolders\ya.nassib\Application Data\npm-cache
565 silly vacuum-fs quitting because other entries in \\MACAS001\Profiles$\RedirectedFolders\ya.nassib\Application Data\npm-cache
566 silly vacuum-fs quitting because other entries in \\MACAS001\Profiles$\RedirectedFolders\ya.nassib\Application Data\npm-cache
567 silly vacuum-fs quitting because other entries in \\MACAS001\Profiles$\RedirectedFolders\ya.nassib\Application Data\npm-cache
568 silly vacuum-fs quitting because other entries in \\MACAS001\Profiles$\RedirectedFolders\ya.nassib\Application Data\npm-cache
569 silly vacuum-fs quitting because other entries in \\MACAS001\Profiles$\RedirectedFolders\ya.nassib\Application Data\npm-cache
570 silly vacuum-fs quitting because other entries in \\MACAS001\Profiles$\RedirectedFolders\ya.nassib\Application Data\npm-cache
571 silly vacuum-fs quitting because other entries in \\MACAS001\Profiles$\RedirectedFolders\ya.nassib\Application Data\npm-cache
572 silly vacuum-fs quitting because other entries in \\MACAS001\Profiles$\RedirectedFolders\ya.nassib\Application Data\npm-cache
573 silly vacuum-fs quitting because other entries in \\MACAS001\Profiles$\RedirectedFolders\ya.nassib\Application Data\npm-cache
574 silly vacuum-fs quitting because other entries in \\MACAS001\Profiles$\RedirectedFolders\ya.nassib\Application Data\npm-cache
575 silly vacuum-fs quitting because other entries in \\MACAS001\Profiles$\RedirectedFolders\ya.nassib\Application Data\npm-cache
576 silly vacuum-fs quitting because other entries in \\MACAS001\Profiles$\RedirectedFolders\ya.nassib\Application Data\npm-cache
577 silly vacuum-fs quitting because other entries in \\MACAS001\Profiles$\RedirectedFolders\ya.nassib\Application Data\npm-cache
578 silly vacuum-fs quitting because other entries in \\MACAS001\Profiles$\RedirectedFolders\ya.nassib\Application Data\npm-cache
579 silly vacuum-fs quitting because other entries in \\MACAS001\Profiles$\RedirectedFolders\ya.nassib\Application Data\npm-cache
580 silly vacuum-fs quitting because other entries in \\MACAS001\Profiles$\RedirectedFolders\ya.nassib\Application Data\npm-cache
581 silly vacuum-fs quitting because other entries in \\MACAS001\Profiles$\RedirectedFolders\ya.nassib\Application Data\npm-cache
582 silly vacuum-fs quitting because other entries in \\MACAS001\Profiles$\RedirectedFolders\ya.nassib\Application Data\npm-cache
583 silly vacuum-fs quitting because other entries in \\MACAS001\Profiles$\RedirectedFolders\ya.nassib\Application Data\npm-cache
584 silly vacuum-fs quitting because other entries in \\MACAS001\Profiles$\RedirectedFolders\ya.nassib\Application Data\npm-cache
585 silly vacuum-fs quitting because other entries in \\MACAS001\Profiles$\RedirectedFolders\ya.nassib\Application Data\npm-cache
586 silly vacuum-fs quitting because other entries in \\MACAS001\Profiles$\RedirectedFolders\ya.nassib\Application Data\npm-cache
587 silly vacuum-fs quitting because other entries in \\MACAS001\Profiles$\RedirectedFolders\ya.nassib\Application Data\npm-cache
588 silly vacuum-fs quitting because other entries in \\MACAS001\Profiles$\RedirectedFolders\ya.nassib\Application Data\npm-cache
589 silly vacuum-fs quitting because other entries in \\MACAS001\Profiles$\RedirectedFolders\ya.nassib\Application Data\npm-cache
590 silly vacuum-fs quitting because other entries in \\MACAS001\Profiles$\RedirectedFolders\ya.nassib\Application Data\npm-cache
591 silly vacuum-fs quitting because other entries in \\MACAS001\Profiles$\RedirectedFolders\ya.nassib\Application Data\npm-cache
592 silly vacuum-fs quitting because other entries in \\MACAS001\Profiles$\RedirectedFolders\ya.nassib\Application Data\npm-cache
593 silly vacuum-fs quitting because other entries in \\MACAS001\Profiles$\RedirectedFolders\ya.nassib\Application Data\npm-cache
594 silly vacuum-fs quitting because other entries in \\MACAS001\Profiles$\RedirectedFolders\ya.nassib\Application Data\npm-cache
595 silly vacuum-fs quitting because other entries in \\MACAS001\Profiles$\RedirectedFolders\ya.nassib\Application Data\npm-cache
596 silly vacuum-fs quitting because other entries in \\MACAS001\Profiles$\RedirectedFolders\ya.nassib\Application Data\npm-cache
597 silly vacuum-fs quitting because other entries in \\MACAS001\Profiles$\RedirectedFolders\ya.nassib\Application Data\npm-cache
598 silly vacuum-fs quitting because other entries in \\MACAS001\Profiles$\RedirectedFolders\ya.nassib\Application Data\npm-cache
599 silly vacuum-fs quitting because other entries in \\MACAS001\Profiles$\RedirectedFolders\ya.nassib\Application Data\npm-cache
600 silly vacuum-fs quitting because other entries in \\MACAS001\Profiles$\RedirectedFolders\ya.nassib\Application Data\npm-cache
601 silly vacuum-fs quitting because other entries in \\MACAS001\Profiles$\RedirectedFolders\ya.nassib\Application Data\npm-cache
602 silly vacuum-fs quitting because other entries in \\MACAS001\Profiles$\RedirectedFolders\ya.nassib\Application Data\npm-cache
603 silly vacuum-fs quitting because other entries in \\MACAS001\Profiles$\RedirectedFolders\ya.nassib\Application Data\npm-cache
604 silly vacuum-fs quitting because other entries in \\MACAS001\Profiles$\RedirectedFolders\ya.nassib\Application Data\npm-cache
605 silly vacuum-fs quitting because other entries in \\MACAS001\Profiles$\RedirectedFolders\ya.nassib\Application Data\npm-cache
606 silly vacuum-fs quitting because other entries in \\MACAS001\Profiles$\RedirectedFolders\ya.nassib\Application Data\npm-cache
607 silly vacuum-fs quitting because other entries in \\MACAS001\Profiles$\RedirectedFolders\ya.nassib\Application Data\npm-cache
608 silly vacuum-fs quitting because other entries in \\MACAS001\Profiles$\RedirectedFolders\ya.nassib\Application Data\npm-cache
609 silly vacuum-fs quitting because other entries in \\MACAS001\Profiles$\RedirectedFolders\ya.nassib\Application Data\npm-cache
610 silly vacuum-fs quitting because other entries in \\MACAS001\Profiles$\RedirectedFolders\ya.nassib\Application Data\npm-cache
611 silly vacuum-fs quitting because other entries in \\MACAS001\Profiles$\RedirectedFolders\ya.nassib\Application Data\npm-cache
612 silly vacuum-fs quitting because other entries in \\MACAS001\Profiles$\RedirectedFolders\ya.nassib\Application Data\npm-cache
613 silly vacuum-fs quitting because other entries in \\MACAS001\Profiles$\RedirectedFolders\ya.nassib\Application Data\npm-cache
614 silly vacuum-fs quitting because other entries in \\MACAS001\Profiles$\RedirectedFolders\ya.nassib\Application Data\npm-cache
615 silly vacuum-fs quitting because other entries in \\MACAS001\Profiles$\RedirectedFolders\ya.nassib\Application Data\npm-cache
616 silly vacuum-fs quitting because other entries in \\MACAS001\Profiles$\RedirectedFolders\ya.nassib\Application Data\npm-cache
617 silly vacuum-fs quitting because other entries in \\MACAS001\Profiles$\RedirectedFolders\ya.nassib\Application Data\npm-cache
618 silly vacuum-fs quitting because other entries in \\MACAS001\Profiles$\RedirectedFolders\ya.nassib\Application Data\npm-cache
619 silly vacuum-fs quitting because other entries in \\MACAS001\Profiles$\RedirectedFolders\ya.nassib\Application Data\npm-cache
620 silly vacuum-fs quitting because other entries in \\MACAS001\Profiles$\RedirectedFolders\ya.nassib\Application Data\npm-cache
621 silly vacuum-fs quitting because other entries in \\MACAS001\Profiles$\RedirectedFolders\ya.nassib\Application Data\npm-cache
622 silly vacuum-fs quitting because other entries in \\MACAS001\Profiles$\RedirectedFolders\ya.nassib\Application Data\npm-cache
623 silly vacuum-fs quitting because other entries in \\MACAS001\Profiles$\RedirectedFolders\ya.nassib\Application Data\npm-cache
624 silly vacuum-fs quitting because other entries in \\MACAS001\Profiles$\RedirectedFolders\ya.nassib\Application Data\npm-cache
625 silly vacuum-fs quitting because other entries in \\MACAS001\Profiles$\RedirectedFolders\ya.nassib\Application Data\npm-cache
626 silly vacuum-fs quitting because other entries in \\MACAS001\Profiles$\RedirectedFolders\ya.nassib\Application Data\npm-cache
627 silly vacuum-fs quitting because other entries in \\MACAS001\Profiles$\RedirectedFolders\ya.nassib\Application Data\npm-cache
628 silly vacuum-fs quitting because other entries in \\MACAS001\Profiles$\RedirectedFolders\ya.nassib\Application Data\npm-cache
629 silly vacuum-fs quitting because other entries in \\MACAS001\Profiles$\RedirectedFolders\ya.nassib\Application Data\npm-cache
630 silly vacuum-fs quitting because other entries in \\MACAS001\Profiles$\RedirectedFolders\ya.nassib\Application Data\npm-cache
631 silly vacuum-fs quitting because other entries in \\MACAS001\Profiles$\RedirectedFolders\ya.nassib\Application Data\npm-cache
632 silly vacuum-fs quitting because other entries in \\MACAS001\Profiles$\RedirectedFolders\ya.nassib\Application Data\npm-cache
633 silly vacuum-fs quitting because other entries in \\MACAS001\Profiles$\RedirectedFolders\ya.nassib\Application Data\npm-cache
634 silly vacuum-fs quitting because other entries in \\MACAS001\Profiles$\RedirectedFolders\ya.nassib\Application Data\npm-cache
635 silly vacuum-fs quitting because other entries in \\MACAS001\Profiles$\RedirectedFolders\ya.nassib\Application Data\npm-cache
636 silly vacuum-fs quitting because other entries in \\MACAS001\Profiles$\RedirectedFolders\ya.nassib\Application Data\npm-cache
637 silly vacuum-fs quitting because other entries in \\MACAS001\Profiles$\RedirectedFolders\ya.nassib\Application Data\npm-cache
638 silly vacuum-fs quitting because other entries in \\MACAS001\Profiles$\RedirectedFolders\ya.nassib\Application Data\npm-cache
639 silly vacuum-fs quitting because other entries in \\MACAS001\Profiles$\RedirectedFolders\ya.nassib\Application Data\npm-cache
640 silly vacuum-fs quitting because other entries in \\MACAS001\Profiles$\RedirectedFolders\ya.nassib\Application Data\npm-cache
641 silly vacuum-fs quitting because other entries in \\MACAS001\Profiles$\RedirectedFolders\ya.nassib\Application Data\npm-cache
642 silly vacuum-fs quitting because other entries in \\MACAS001\Profiles$\RedirectedFolders\ya.nassib\Application Data\npm-cache
643 silly vacuum-fs quitting because other entries in \\MACAS001\Profiles$\RedirectedFolders\ya.nassib\Application Data\npm-cache
644 silly vacuum-fs quitting because other entries in \\MACAS001\Profiles$\RedirectedFolders\ya.nassib\Application Data\npm-cache
645 silly vacuum-fs quitting because other entries in \\MACAS001\Profiles$\RedirectedFolders\ya.nassib\Application Data\npm-cache
646 silly vacuum-fs quitting because other entries in \\MACAS001\Profiles$\RedirectedFolders\ya.nassib\Application Data\npm-cache
647 silly vacuum-fs quitting because other entries in \\MACAS001\Profiles$\RedirectedFolders\ya.nassib\Application Data\npm-cache
648 silly vacuum-fs quitting because other entries in \\MACAS001\Profiles$\RedirectedFolders\ya.nassib\Application Data\npm-cache
649 silly vacuum-fs quitting because other entries in \\MACAS001\Profiles$\RedirectedFolders\ya.nassib\Application Data\npm-cache
650 silly vacuum-fs quitting because other entries in \\MACAS001\Profiles$\RedirectedFolders\ya.nassib\Application Data\npm-cache
651 silly vacuum-fs quitting because other entries in \\MACAS001\Profiles$\RedirectedFolders\ya.nassib\Application Data\npm-cache
652 silly vacuum-fs quitting because other entries in \\MACAS001\Profiles$\RedirectedFolders\ya.nassib\Application Data\npm-cache
653 silly vacuum-fs quitting because other entries in \\MACAS001\Profiles$\RedirectedFolders\ya.nassib\Application Data\npm-cache
654 silly vacuum-fs quitting because other entries in \\MACAS001\Profiles$\RedirectedFolders\ya.nassib\Application Data\npm-cache
655 silly vacuum-fs quitting because other entries in \\MACAS001\Profiles$\RedirectedFolders\ya.nassib\Application Data\npm-cache
656 silly vacuum-fs quitting because other entries in \\MACAS001\Profiles$\RedirectedFolders\ya.nassib\Application Data\npm-cache
657 silly vacuum-fs quitting because other entries in \\MACAS001\Profiles$\RedirectedFolders\ya.nassib\Application Data\npm-cache
658 silly vacuum-fs quitting because other entries in \\MACAS001\Profiles$\RedirectedFolders\ya.nassib\Application Data\npm-cache
659 silly vacuum-fs quitting because other entries in \\MACAS001\Profiles$\RedirectedFolders\ya.nassib\Application Data\npm-cache
660 silly vacuum-fs quitting because other entries in \\MACAS001\Profiles$\RedirectedFolders\ya.nassib\Application Data\npm-cache
661 silly vacuum-fs quitting because other entries in \\MACAS001\Profiles$\RedirectedFolders\ya.nassib\Application Data\npm-cache
662 silly vacuum-fs quitting because other entries in \\MACAS001\Profiles$\RedirectedFolders\ya.nassib\Application Data\npm-cache
663 silly vacuum-fs quitting because other entries in \\MACAS001\Profiles$\RedirectedFolders\ya.nassib\Application Data\npm-cache
664 silly vacuum-fs quitting because other entries in \\MACAS001\Profiles$\RedirectedFolders\ya.nassib\Application Data\npm-cache
665 silly vacuum-fs quitting because other entries in \\MACAS001\Profiles$\RedirectedFolders\ya.nassib\Application Data\npm-cache
666 silly vacuum-fs quitting because other entries in \\MACAS001\Profiles$\RedirectedFolders\ya.nassib\Application Data\npm-cache
667 silly vacuum-fs quitting because other entries in \\MACAS001\Profiles$\RedirectedFolders\ya.nassib\Application Data\npm-cache
668 silly vacuum-fs quitting because other entries in \\MACAS001\Profiles$\RedirectedFolders\ya.nassib\Application Data\npm-cache
669 silly vacuum-fs quitting because other entries in \\MACAS001\Profiles$\RedirectedFolders\ya.nassib\Application Data\npm-cache
670 silly vacuum-fs quitting because other entries in \\MACAS001\Profiles$\RedirectedFolders\ya.nassib\Application Data\npm-cache
671 silly vacuum-fs quitting because other entries in \\MACAS001\Profiles$\RedirectedFolders\ya.nassib\Application Data\npm-cache
672 silly vacuum-fs quitting because other entries in \\MACAS001\Profiles$\RedirectedFolders\ya.nassib\Application Data\npm-cache
673 silly vacuum-fs quitting because other entries in \\MACAS001\Profiles$\RedirectedFolders\ya.nassib\Application Data\npm-cache
674 silly vacuum-fs quitting because other entries in \\MACAS001\Profiles$\RedirectedFolders\ya.nassib\Application Data\npm-cache
675 silly vacuum-fs quitting because other entries in \\MACAS001\Profiles$\RedirectedFolders\ya.nassib\Application Data\npm-cache
676 silly vacuum-fs quitting because other entries in \\MACAS001\Profiles$\RedirectedFolders\ya.nassib\Application Data\npm-cache
677 silly vacuum-fs quitting because other entries in \\MACAS001\Profiles$\RedirectedFolders\ya.nassib\Application Data\npm-cache
678 silly vacuum-fs quitting because other entries in \\MACAS001\Profiles$\RedirectedFolders\ya.nassib\Application Data\npm-cache
679 silly vacuum-fs quitting because other entries in \\MACAS001\Profiles$\RedirectedFolders\ya.nassib\Application Data\npm-cache
680 silly vacuum-fs quitting because other entries in \\MACAS001\Profiles$\RedirectedFolders\ya.nassib\Application Data\npm-cache
681 silly vacuum-fs quitting because other entries in \\MACAS001\Profiles$\RedirectedFolders\ya.nassib\Application Data\npm-cache
682 silly vacuum-fs quitting because other entries in \\MACAS001\Profiles$\RedirectedFolders\ya.nassib\Application Data\npm-cache
683 silly vacuum-fs quitting because other entries in \\MACAS001\Profiles$\RedirectedFolders\ya.nassib\Application Data\npm-cache
684 silly vacuum-fs quitting because other entries in \\MACAS001\Profiles$\RedirectedFolders\ya.nassib\Application Data\npm-cache
685 silly vacuum-fs quitting because other entries in \\MACAS001\Profiles$\RedirectedFolders\ya.nassib\Application Data\npm-cache
686 silly vacuum-fs quitting because other entries in \\MACAS001\Profiles$\RedirectedFolders\ya.nassib\Application Data\npm-cache
687 silly vacuum-fs quitting because other entries in \\MACAS001\Profiles$\RedirectedFolders\ya.nassib\Application Data\npm-cache
688 silly vacuum-fs quitting because other entries in \\MACAS001\Profiles$\RedirectedFolders\ya.nassib\Application Data\npm-cache
689 silly vacuum-fs quitting because other entries in \\MACAS001\Profiles$\RedirectedFolders\ya.nassib\Application Data\npm-cache
690 silly vacuum-fs quitting because other entries in \\MACAS001\Profiles$\RedirectedFolders\ya.nassib\Application Data\npm-cache
691 silly vacuum-fs quitting because other entries in \\MACAS001\Profiles$\RedirectedFolders\ya.nassib\Application Data\npm-cache
692 silly vacuum-fs quitting because other entries in \\MACAS001\Profiles$\RedirectedFolders\ya.nassib\Application Data\npm-cache
693 silly vacuum-fs quitting because other entries in \\MACAS001\Profiles$\RedirectedFolders\ya.nassib\Application Data\npm-cache
694 silly vacuum-fs quitting because other entries in \\MACAS001\Profiles$\RedirectedFolders\ya.nassib\Application Data\npm-cache
695 silly vacuum-fs quitting because other entries in \\MACAS001\Profiles$\RedirectedFolders\ya.nassib\Application Data\npm-cache
696 silly vacuum-fs quitting because other entries in \\MACAS001\Profiles$\RedirectedFolders\ya.nassib\Application Data\npm-cache
697 silly vacuum-fs quitting because other entries in \\MACAS001\Profiles$\RedirectedFolders\ya.nassib\Application Data\npm-cache
698 silly vacuum-fs quitting because other entries in \\MACAS001\Profiles$\RedirectedFolders\ya.nassib\Application Data\npm-cache
699 silly vacuum-fs quitting because other entries in \\MACAS001\Profiles$\RedirectedFolders\ya.nassib\Application Data\npm-cache
700 silly vacuum-fs quitting because other entries in \\MACAS001\Profiles$\RedirectedFolders\ya.nassib\Application Data\npm-cache
701 silly vacuum-fs quitting because other entries in \\MACAS001\Profiles$\RedirectedFolders\ya.nassib\Application Data\npm-cache
702 silly vacuum-fs quitting because other entries in \\MACAS001\Profiles$\RedirectedFolders\ya.nassib\Application Data\npm-cache
703 silly vacuum-fs quitting because other entries in \\MACAS001\Profiles$\RedirectedFolders\ya.nassib\Application Data\npm-cache
704 silly vacuum-fs quitting because other entries in \\MACAS001\Profiles$\RedirectedFolders\ya.nassib\Application Data\npm-cache
705 silly vacuum-fs quitting because other entries in \\MACAS001\Profiles$\RedirectedFolders\ya.nassib\Application Data\npm-cache
706 silly vacuum-fs quitting because other entries in \\MACAS001\Profiles$\RedirectedFolders\ya.nassib\Application Data\npm-cache
707 silly vacuum-fs quitting because other entries in \\MACAS001\Profiles$\RedirectedFolders\ya.nassib\Application Data\npm-cache
708 silly vacuum-fs quitting because other entries in \\MACAS001\Profiles$\RedirectedFolders\ya.nassib\Application Data\npm-cache
709 silly vacuum-fs quitting because other entries in \\MACAS001\Profiles$\RedirectedFolders\ya.nassib\Application Data\npm-cache
710 silly vacuum-fs quitting because other entries in \\MACAS001\Profiles$\RedirectedFolders\ya.nassib\Application Data\npm-cache
711 silly vacuum-fs quitting because other entries in \\MACAS001\Profiles$\RedirectedFolders\ya.nassib\Application Data\npm-cache
712 silly vacuum-fs quitting because other entries in \\MACAS001\Profiles$\RedirectedFolders\ya.nassib\Application Data\npm-cache
713 silly vacuum-fs quitting because other entries in \\MACAS001\Profiles$\RedirectedFolders\ya.nassib\Application Data\npm-cache
714 silly vacuum-fs quitting because other entries in \\MACAS001\Profiles$\RedirectedFolders\ya.nassib\Application Data\npm-cache
715 silly vacuum-fs quitting because other entries in \\MACAS001\Profiles$\RedirectedFolders\ya.nassib\Application Data\npm-cache
716 verbose stack Error: UNKNOWN, lstat '\\MACAS001\Profiles$\RedirectedFolders\ya.nassib\Application Data\npm-cache\url-join'
716 verbose stack     at Error (native)
717 verbose cwd C:\xampp\htdocs\banner_generator
718 error Windows_NT 6.1.7601
719 error argv "C:\\Program Files\\\\node.exe" "C:\\Program Files\\node_modules\\npm\\bin\\npm-cli.js" "cache" "clean"
720 error node v0.12.4
721 error npm  v2.10.1
722 error path \\MACAS001\Profiles$\RedirectedFolders\ya.nassib\Application Data\npm-cache\url-join
723 error code UNKNOWN
724 error errno -4094
725 error UNKNOWN, lstat '\\MACAS001\Profiles$\RedirectedFolders\ya.nassib\Application Data\npm-cache\url-join'
726 error If you need help, you may report this error at:
726 error     <https://github.com/npm/npm/issues>
727 verbose exit [ -4094, true ]
